24/10/2016 20:56:27 (Std) 	+-+-+-+-+-+-+-+-+-+-+-+-+-+-+-+-+-+-+-+-+-+-+-+-+-+-+-+-+-+-+-+-+-+-+-+-+-+-+-+
24/10/2016 20:56:27 (Std) 	+                     Crazy Eddie's GUI System - Event log                    +
24/10/2016 20:56:27 (Std) 	+                          (http://www.cegui.org.uk/)                         +
24/10/2016 20:56:27 (Std) 	+-+-+-+-+-+-+-+-+-+-+-+-+-+-+-+-+-+-+-+-+-+-+-+-+-+-+-+-+-+-+-+-+-+-+-+-+-+-+-+

24/10/2016 20:56:27 (Std) 	CEGUI::Logger singleton created. (0x14c0200)
24/10/2016 20:56:27 (Std) 	
24/10/2016 20:56:27 (Std) 	********************************************************************************
24/10/2016 20:56:27 (Std) 	* Important:                                                                   *
24/10/2016 20:56:27 (Std) 	*     To get support at the CEGUI forums, you must post _at least_ the section *
24/10/2016 20:56:27 (Std) 	*     of this log file indicated below.  Failure to do this will result in no  *
24/10/2016 20:56:27 (Std) 	*     support being given; please do not waste our time.                       *
24/10/2016 20:56:27 (Std) 	********************************************************************************
24/10/2016 20:56:27 (Std) 	********************************************************************************
24/10/2016 20:56:27 (Std) 	* -------- START OF ESSENTIAL SECTION TO BE POSTED ON THE FORUM       -------- *
24/10/2016 20:56:27 (Std) 	********************************************************************************
24/10/2016 20:56:27 (Std) 	---- Version: 0.8.4 (Build: Mar  2 2015 GNU/Linux g++ 4.8.2 64 bit) ----
24/10/2016 20:56:27 (Std) 	---- Renderer module is: CEGUI::OgreRenderer - Official OGRE based 2nd generation renderer module. ----
24/10/2016 20:56:27 (Std) 	---- XML Parser module is: CEGUI::ExpatParser - Official expat based parser module for CEGUI ----
24/10/2016 20:56:27 (Std) 	---- Image Codec module is: OgreImageCodec - Integrated ImageCodec using the Ogre engine. ----
24/10/2016 20:56:27 (Std) 	---- Scripting module is: None ----
24/10/2016 20:56:27 (Std) 	********************************************************************************
24/10/2016 20:56:27 (Std) 	* -------- END OF ESSENTIAL SECTION TO BE POSTED ON THE FORUM         -------- *
24/10/2016 20:56:27 (Std) 	********************************************************************************
24/10/2016 20:56:27 (Std) 	
24/10/2016 20:56:27 (Std) 	---- Begining CEGUI System initialisation ----
24/10/2016 20:56:27 (Std) 	[CEGUI::ImageManager] Singleton created (0x14c2c70)
24/10/2016 20:56:27 (Std) 	[CEGUI::ImageManager] Registered Image type: BasicImage
24/10/2016 20:56:27 (Std) 	CEGUI::FontManager singleton created. (0x14c1680)
24/10/2016 20:56:27 (Std) 	CEGUI::WindowFactoryManager singleton created
24/10/2016 20:56:27 (Std) 	CEGUI::WindowManager singleton created (0x14c19e0)
24/10/2016 20:56:27 (Std) 	CEGUI::SchemeManager singleton created. (0x14c1a70)
24/10/2016 20:56:27 (Std) 	CEGUI::GlobalEventSet singleton created. (0x14c8df0)
24/10/2016 20:56:27 (Std) 	CEGUI::AnimationManager singleton created (0x14c26b0)
24/10/2016 20:56:27 (Std) 	CEGUI::WidgetLookManager singleton created. (0x14c7c80)
24/10/2016 20:56:27 (Std) 	CEGUI::WindowRendererManager singleton created (0x14af980)
24/10/2016 20:56:27 (Std) 	CEGUI::RenderEffectManager singleton created (0x14c2dd0)
24/10/2016 20:56:27 (Std) 	Created WindowFactory for 'DefaultWindow' windows.
24/10/2016 20:56:27 (Std) 	WindowFactory for 'DefaultWindow' windows added. (0x14c42b0)
24/10/2016 20:56:27 (Std) 	Created WindowFactory for 'DragContainer' windows.
24/10/2016 20:56:27 (Std) 	WindowFactory for 'DragContainer' windows added. (0x14c4450)
24/10/2016 20:56:27 (Std) 	Created WindowFactory for 'ScrolledContainer' windows.
24/10/2016 20:56:27 (Std) 	WindowFactory for 'ScrolledContainer' windows added. (0x14c45f0)
24/10/2016 20:56:27 (Std) 	Created WindowFactory for 'ClippedContainer' windows.
24/10/2016 20:56:27 (Std) 	WindowFactory for 'ClippedContainer' windows added. (0x14c4790)
24/10/2016 20:56:27 (Std) 	Created WindowFactory for 'CEGUI/PushButton' windows.
24/10/2016 20:56:27 (Std) 	WindowFactory for 'CEGUI/PushButton' windows added. (0x14c4930)
24/10/2016 20:56:27 (Std) 	Created WindowFactory for 'CEGUI/RadioButton' windows.
24/10/2016 20:56:27 (Std) 	WindowFactory for 'CEGUI/RadioButton' windows added. (0x14c4ad0)
24/10/2016 20:56:27 (Std) 	Created WindowFactory for 'CEGUI/Combobox' windows.
24/10/2016 20:56:27 (Std) 	WindowFactory for 'CEGUI/Combobox' windows added. (0x14bc660)
24/10/2016 20:56:27 (Std) 	Created WindowFactory for 'CEGUI/ComboDropList' windows.
24/10/2016 20:56:27 (Std) 	WindowFactory for 'CEGUI/ComboDropList' windows added. (0x14bc800)
24/10/2016 20:56:27 (Std) 	Created WindowFactory for 'CEGUI/Editbox' windows.
24/10/2016 20:56:27 (Std) 	WindowFactory for 'CEGUI/Editbox' windows added. (0x14bc9a0)
24/10/2016 20:56:27 (Std) 	Created WindowFactory for 'CEGUI/FrameWindow' windows.
24/10/2016 20:56:27 (Std) 	WindowFactory for 'CEGUI/FrameWindow' windows added. (0x14bcb40)
24/10/2016 20:56:27 (Std) 	Created WindowFactory for 'CEGUI/ItemEntry' windows.
24/10/2016 20:56:27 (Std) 	WindowFactory for 'CEGUI/ItemEntry' windows added. (0x14bcce0)
24/10/2016 20:56:27 (Std) 	Created WindowFactory for 'CEGUI/Listbox' windows.
24/10/2016 20:56:27 (Std) 	WindowFactory for 'CEGUI/Listbox' windows added. (0x14bce80)
24/10/2016 20:56:27 (Std) 	Created WindowFactory for 'CEGUI/ListHeader' windows.
24/10/2016 20:56:27 (Std) 	WindowFactory for 'CEGUI/ListHeader' windows added. (0x14bd020)
24/10/2016 20:56:27 (Std) 	Created WindowFactory for 'CEGUI/ListHeaderSegment' windows.
24/10/2016 20:56:27 (Std) 	WindowFactory for 'CEGUI/ListHeaderSegment' windows added. (0x14bd1c0)
24/10/2016 20:56:27 (Std) 	Created WindowFactory for 'CEGUI/Menubar' windows.
24/10/2016 20:56:27 (Std) 	WindowFactory for 'CEGUI/Menubar' windows added. (0x14bd360)
24/10/2016 20:56:27 (Std) 	Created WindowFactory for 'CEGUI/PopupMenu' windows.
24/10/2016 20:56:27 (Std) 	WindowFactory for 'CEGUI/PopupMenu' windows added. (0x14bd500)
24/10/2016 20:56:27 (Std) 	Created WindowFactory for 'CEGUI/MenuItem' windows.
24/10/2016 20:56:27 (Std) 	WindowFactory for 'CEGUI/MenuItem' windows added. (0x14bd6a0)
24/10/2016 20:56:27 (Std) 	Created WindowFactory for 'CEGUI/MultiColumnList' windows.
24/10/2016 20:56:27 (Std) 	WindowFactory for 'CEGUI/MultiColumnList' windows added. (0x14bd950)
24/10/2016 20:56:27 (Std) 	Created WindowFactory for 'CEGUI/MultiLineEditbox' windows.
24/10/2016 20:56:27 (Std) 	WindowFactory for 'CEGUI/MultiLineEditbox' windows added. (0x14bdaf0)
24/10/2016 20:56:27 (Std) 	Created WindowFactory for 'CEGUI/ProgressBar' windows.
24/10/2016 20:56:27 (Std) 	WindowFactory for 'CEGUI/ProgressBar' windows added. (0x14bdc90)
24/10/2016 20:56:27 (Std) 	Created WindowFactory for 'CEGUI/ScrollablePane' windows.
24/10/2016 20:56:27 (Std) 	WindowFactory for 'CEGUI/ScrollablePane' windows added. (0x14bde30)
24/10/2016 20:56:27 (Std) 	Created WindowFactory for 'CEGUI/Scrollbar' windows.
24/10/2016 20:56:27 (Std) 	WindowFactory for 'CEGUI/Scrollbar' windows added. (0x14bdfd0)
24/10/2016 20:56:27 (Std) 	Created WindowFactory for 'CEGUI/Slider' windows.
24/10/2016 20:56:27 (Std) 	WindowFactory for 'CEGUI/Slider' windows added. (0x14be170)
24/10/2016 20:56:27 (Std) 	Created WindowFactory for 'CEGUI/Spinner' windows.
24/10/2016 20:56:27 (Std) 	WindowFactory for 'CEGUI/Spinner' windows added. (0x14be310)
24/10/2016 20:56:27 (Std) 	Created WindowFactory for 'CEGUI/TabButton' windows.
24/10/2016 20:56:27 (Std) 	WindowFactory for 'CEGUI/TabButton' windows added. (0x14be4b0)
24/10/2016 20:56:27 (Std) 	Created WindowFactory for 'CEGUI/TabControl' windows.
24/10/2016 20:56:27 (Std) 	WindowFactory for 'CEGUI/TabControl' windows added. (0x14be650)
24/10/2016 20:56:27 (Std) 	Created WindowFactory for 'CEGUI/Thumb' windows.
24/10/2016 20:56:27 (Std) 	WindowFactory for 'CEGUI/Thumb' windows added. (0x14be7f0)
24/10/2016 20:56:27 (Std) 	Created WindowFactory for 'CEGUI/Titlebar' windows.
24/10/2016 20:56:27 (Std) 	WindowFactory for 'CEGUI/Titlebar' windows added. (0x14be990)
24/10/2016 20:56:27 (Std) 	Created WindowFactory for 'CEGUI/ToggleButton' windows.
24/10/2016 20:56:27 (Std) 	WindowFactory for 'CEGUI/ToggleButton' windows added. (0x14c4c70)
24/10/2016 20:56:27 (Std) 	Created WindowFactory for 'CEGUI/Tooltip' windows.
24/10/2016 20:56:27 (Std) 	WindowFactory for 'CEGUI/Tooltip' windows added. (0x14cbab0)
24/10/2016 20:56:27 (Std) 	Created WindowFactory for 'CEGUI/ItemListbox' windows.
24/10/2016 20:56:27 (Std) 	WindowFactory for 'CEGUI/ItemListbox' windows added. (0x14cbc50)
24/10/2016 20:56:27 (Std) 	Created WindowFactory for 'CEGUI/GroupBox' windows.
24/10/2016 20:56:27 (Std) 	WindowFactory for 'CEGUI/GroupBox' windows added. (0x14cbdf0)
24/10/2016 20:56:27 (Std) 	Created WindowFactory for 'CEGUI/Tree' windows.
24/10/2016 20:56:27 (Std) 	WindowFactory for 'CEGUI/Tree' windows added. (0x14cbf90)
24/10/2016 20:56:27 (Std) 	Created WindowFactory for 'LayoutCell' windows.
24/10/2016 20:56:27 (Std) 	WindowFactory for 'LayoutCell' windows added. (0x14bd840)
24/10/2016 20:56:27 (Std) 	Created WindowFactory for 'HorizontalLayoutContainer' windows.
24/10/2016 20:56:27 (Std) 	WindowFactory for 'HorizontalLayoutContainer' windows added. (0x14cc420)
24/10/2016 20:56:27 (Std) 	Created WindowFactory for 'VerticalLayoutContainer' windows.
24/10/2016 20:56:27 (Std) 	WindowFactory for 'VerticalLayoutContainer' windows added. (0x14cc5c0)
24/10/2016 20:56:27 (Std) 	Created WindowFactory for 'GridLayoutContainer' windows.
24/10/2016 20:56:27 (Std) 	WindowFactory for 'GridLayoutContainer' windows added. (0x14cc760)
24/10/2016 20:56:27 (Std) 	CEGUI::System singleton created. (0x14c0080)
24/10/2016 20:56:27 (Std) 	---- CEGUI System initialisation completed ----
24/10/2016 20:56:27 (Std) 	
24/10/2016 20:56:27 (Std) 	Started creation of Scheme from XML specification:
24/10/2016 20:56:27 (Std) 	---- CEGUI GUIScheme name: TaharezLook
24/10/2016 20:56:27 (Std) 	[ImageManager] Started creation of Imageset from XML specification:
24/10/2016 20:56:27 (Std) 	[ImageManager] ---- CEGUI Imageset name: TaharezLook
24/10/2016 20:56:27 (Std) 	[ImageManager] ---- Source texture file: TaharezLook.png
24/10/2016 20:56:27 (Std) 	[ImageManager] ---- Source texture resource group: (Default)
24/10/2016 20:56:27 (Std) 	[OgreRenderer] Created texture: TaharezLook
24/10/2016 20:56:27 (Std) 	[ImageManager] Created image: 'TaharezLook/ClientBrush' (0x14ce9c0) of type: BasicImage
24/10/2016 20:56:27 (Std) 	[ImageManager] Created image: 'TaharezLook/GenericBrush' (0x14ce380) of type: BasicImage
24/10/2016 20:56:27 (Std) 	[ImageManager] Created image: 'TaharezLook/WindowLeftEdge' (0x14d0dd0) of type: BasicImage
24/10/2016 20:56:27 (Std) 	[ImageManager] Created image: 'TaharezLook/WindowRightEdge' (0x14d1060) of type: BasicImage
24/10/2016 20:56:27 (Std) 	[ImageManager] Created image: 'TaharezLook/WindowTopEdge' (0x14e1230) of type: BasicImage
24/10/2016 20:56:27 (Std) 	[ImageManager] Created image: 'TaharezLook/WindowBottomEdge' (0x14cef20) of type: BasicImage
24/10/2016 20:56:27 (Std) 	[ImageManager] Created image: 'TaharezLook/WindowTopLeft' (0x14cf130) of type: BasicImage
24/10/2016 20:56:27 (Std) 	[ImageManager] Created image: 'TaharezLook/WindowTopRight' (0x14d1270) of type: BasicImage
24/10/2016 20:56:27 (Std) 	[ImageManager] Created image: 'TaharezLook/WindowBottomLeft' (0x14d1480) of type: BasicImage
24/10/2016 20:56:27 (Std) 	[ImageManager] Created image: 'TaharezLook/WindowBottomRight' (0x14d1690) of type: BasicImage
24/10/2016 20:56:27 (Std) 	[ImageManager] Created image: 'TaharezLook/ButtonLeftNormal' (0x14d18a0) of type: BasicImage
24/10/2016 20:56:27 (Std) 	[ImageManager] Created image: 'TaharezLook/ButtonMiddleNormal' (0x14d1ab0) of type: BasicImage
24/10/2016 20:56:27 (Std) 	[ImageManager] Created image: 'TaharezLook/ButtonRightNormal' (0x14d1cc0) of type: BasicImage
24/10/2016 20:56:27 (Std) 	[ImageManager] Created image: 'TaharezLook/ButtonLeftPushed' (0x14d1ed0) of type: BasicImage
24/10/2016 20:56:27 (Std) 	[ImageManager] Created image: 'TaharezLook/ButtonMiddlePushed' (0x14d20e0) of type: BasicImage
24/10/2016 20:56:27 (Std) 	[ImageManager] Created image: 'TaharezLook/ButtonRightPushed' (0x14d22f0) of type: BasicImage
24/10/2016 20:56:27 (Std) 	[ImageManager] Created image: 'TaharezLook/ButtonLeftHighlight' (0x14d2500) of type: BasicImage
24/10/2016 20:56:27 (Std) 	[ImageManager] Created image: 'TaharezLook/ButtonMiddleHighlight' (0x14d2a30) of type: BasicImage
24/10/2016 20:56:27 (Std) 	[ImageManager] Created image: 'TaharezLook/ButtonRightHighlight' (0x14ce060) of type: BasicImage
24/10/2016 20:56:27 (Std) 	[ImageManager] Created image: 'TaharezLook/CheckboxNormal' (0x14ce210) of type: BasicImage
24/10/2016 20:56:27 (Std) 	[ImageManager] Created image: 'TaharezLook/CheckboxHover' (0x14d2ee0) of type: BasicImage
24/10/2016 20:56:27 (Std) 	[ImageManager] Created image: 'TaharezLook/CheckboxMark' (0x14d30f0) of type: BasicImage
24/10/2016 20:56:27 (Std) 	[ImageManager] Created image: 'TaharezLook/RadioButtonNormal' (0x14d3300) of type: BasicImage
24/10/2016 20:56:27 (Std) 	[ImageManager] Created image: 'TaharezLook/RadioButtonHover' (0x14d3510) of type: BasicImage
24/10/2016 20:56:27 (Std) 	[ImageManager] Created image: 'TaharezLook/RadioButtonMark' (0x14d3720) of type: BasicImage
24/10/2016 20:56:27 (Std) 	[ImageManager] Created image: 'TaharezLook/TitlebarLeft' (0x14d3930) of type: BasicImage
24/10/2016 20:56:27 (Std) 	[ImageManager] Created image: 'TaharezLook/TitlebarMiddle' (0x14d3b40) of type: BasicImage
24/10/2016 20:56:27 (Std) 	[ImageManager] Created image: 'TaharezLook/TitlebarRight' (0x14d3d50) of type: BasicImage
24/10/2016 20:56:27 (Std) 	[ImageManager] Created image: 'TaharezLook/NewTitlebarLeft' (0x14d3f60) of type: BasicImage
24/10/2016 20:56:27 (Std) 	[ImageManager] Created image: 'TaharezLook/NewTitlebarMiddle' (0x14d4170) of type: BasicImage
24/10/2016 20:56:27 (Std) 	[ImageManager] Created image: 'TaharezLook/NewTitlebarRight' (0x14cdd40) of type: BasicImage
24/10/2016 20:56:27 (Std) 	[ImageManager] Created image: 'TaharezLook/SysAreaMiddle' (0x14d5020) of type: BasicImage
24/10/2016 20:56:27 (Std) 	[ImageManager] Created image: 'TaharezLook/SysAreaRight' (0x14d5230) of type: BasicImage
24/10/2016 20:56:27 (Std) 	[ImageManager] Created image: 'TaharezLook/StaticLeft' (0x14d5440) of type: BasicImage
24/10/2016 20:56:27 (Std) 	[ImageManager] Created image: 'TaharezLook/StaticRight' (0x14d5650) of type: BasicImage
24/10/2016 20:56:27 (Std) 	[ImageManager] Created image: 'TaharezLook/StaticTop' (0x14d5860) of type: BasicImage
24/10/2016 20:56:27 (Std) 	[ImageManager] Created image: 'TaharezLook/StaticBottom' (0x14d5a70) of type: BasicImage
24/10/2016 20:56:27 (Std) 	[ImageManager] Created image: 'TaharezLook/StaticTopLeft' (0x14d5c80) of type: BasicImage
24/10/2016 20:56:27 (Std) 	[ImageManager] Created image: 'TaharezLook/StaticTopRight' (0x14d5e90) of type: BasicImage
24/10/2016 20:56:27 (Std) 	[ImageManager] Created image: 'TaharezLook/StaticBottomLeft' (0x14d60a0) of type: BasicImage
24/10/2016 20:56:27 (Std) 	[ImageManager] Created image: 'TaharezLook/StaticBottomRight' (0x14d62b0) of type: BasicImage
24/10/2016 20:56:27 (Std) 	[ImageManager] Created image: 'TaharezLook/StaticBackdrop' (0x14d64c0) of type: BasicImage
24/10/2016 20:56:27 (Std) 	[ImageManager] Created image: 'TaharezLook/ProgressBarLeft' (0x14d66d0) of type: BasicImage
24/10/2016 20:56:27 (Std) 	[ImageManager] Created image: 'TaharezLook/ProgressBarMiddle' (0x14d68e0) of type: BasicImage
24/10/2016 20:56:27 (Std) 	[ImageManager] Created image: 'TaharezLook/ProgressBarRight' (0x14d6af0) of type: BasicImage
24/10/2016 20:56:27 (Std) 	[ImageManager] Created image: 'TaharezLook/ProgressBarDimSegment' (0x14d6d00) of type: BasicImage
24/10/2016 20:56:27 (Std) 	[ImageManager] Created image: 'TaharezLook/ProgressBarLitSegment' (0x14d70c0) of type: BasicImage
24/10/2016 20:56:27 (Std) 	[ImageManager] Created image: 'TaharezLook/EditBoxLeft' (0x14d7480) of type: BasicImage
24/10/2016 20:56:27 (Std) 	[ImageManager] Created image: 'TaharezLook/EditBoxMiddle' (0x14d7690) of type: BasicImage
24/10/2016 20:56:27 (Std) 	[ImageManager] Created image: 'TaharezLook/EditBoxRight' (0x14d78a0) of type: BasicImage
24/10/2016 20:56:27 (Std) 	[ImageManager] Created image: 'TaharezLook/EditBoxCaret' (0x14d7ab0) of type: BasicImage
24/10/2016 20:56:27 (Std) 	[ImageManager] Created image: 'TaharezLook/SpinnerUpNormal' (0x14d7cc0) of type: BasicImage
24/10/2016 20:56:27 (Std) 	[ImageManager] Created image: 'TaharezLook/SpinnerDownNormal' (0x14d7ed0) of type: BasicImage
24/10/2016 20:56:27 (Std) 	[ImageManager] Created image: 'TaharezLook/SpinnerUpHover' (0x14d80e0) of type: BasicImage
24/10/2016 20:56:27 (Std) 	[ImageManager] Created image: 'TaharezLook/SpinnerDownHover' (0x14d82f0) of type: BasicImage
24/10/2016 20:56:27 (Std) 	[ImageManager] Created image: 'TaharezLook/TextSelectionBrush' (0x14d8500) of type: BasicImage
24/10/2016 20:56:27 (Std) 	[ImageManager] Created image: 'TaharezLook/VertScrollTop' (0x14d8710) of type: BasicImage
24/10/2016 20:56:27 (Std) 	[ImageManager] Created image: 'TaharezLook/VertScrollMiddle' (0x14d8920) of type: BasicImage
24/10/2016 20:56:27 (Std) 	[ImageManager] Created image: 'TaharezLook/VertScrollBottom' (0x14d8b30) of type: BasicImage
24/10/2016 20:56:27 (Std) 	[ImageManager] Created image: 'TaharezLook/VertScrollBarSegment' (0x14d8d40) of type: BasicImage
24/10/2016 20:56:27 (Std) 	[ImageManager] Created image: 'TaharezLook/VertScrollThumbNormal' (0x14d9070) of type: BasicImage
24/10/2016 20:56:27 (Std) 	[ImageManager] Created image: 'TaharezLook/VertScrollThumbHover' (0x14d93a0) of type: BasicImage
24/10/2016 20:56:27 (Std) 	[ImageManager] Created image: 'TaharezLook/VertScrollUpNormal' (0x14d96d0) of type: BasicImage
24/10/2016 20:56:27 (Std) 	[ImageManager] Created image: 'TaharezLook/VertScrollDownNormal' (0x14d98e0) of type: BasicImage
24/10/2016 20:56:27 (Std) 	[ImageManager] Created image: 'TaharezLook/VertScrollUpHover' (0x14d9c10) of type: BasicImage
24/10/2016 20:56:27 (Std) 	[ImageManager] Created image: 'TaharezLook/VertScrollDownHover' (0x14d9e20) of type: BasicImage
24/10/2016 20:56:27 (Std) 	[ImageManager] Created image: 'TaharezLook/MiniVertScrollBarSegment' (0x14da030) of type: BasicImage
24/10/2016 20:56:27 (Std) 	[ImageManager] Created image: 'TaharezLook/MiniVertScrollThumbNormal' (0x14da420) of type: BasicImage
24/10/2016 20:56:27 (Std) 	[ImageManager] Created image: 'TaharezLook/MiniVertScrollThumbTopNormal' (0x14dab30) of type: BasicImage
24/10/2016 20:56:27 (Std) 	[ImageManager] Created image: 'TaharezLook/MiniVertScrollThumbMiddleNormal' (0x14d4380) of type: BasicImage
24/10/2016 20:56:27 (Std) 	[ImageManager] Created image: 'TaharezLook/MiniVertScrollThumbBottomNormal' (0x14d4560) of type: BasicImage
24/10/2016 20:56:27 (Std) 	[ImageManager] Created image: 'TaharezLook/MiniVertScrollThumbTopHover' (0x14f7fa0) of type: BasicImage
24/10/2016 20:56:27 (Std) 	[ImageManager] Created image: 'TaharezLook/MiniVertScrollThumbMiddleHover' (0x14f83c0) of type: BasicImage
24/10/2016 20:56:27 (Std) 	[ImageManager] Created image: 'TaharezLook/MiniVertScrollThumbBottomHover' (0x14f8810) of type: BasicImage
24/10/2016 20:56:27 (Std) 	[ImageManager] Created image: 'TaharezLook/MiniVertScrollThumbHover' (0x14f8ba0) of type: BasicImage
24/10/2016 20:56:27 (Std) 	[ImageManager] Created image: 'TaharezLook/MiniVertScrollUpNormal' (0x14f8ef0) of type: BasicImage
24/10/2016 20:56:27 (Std) 	[ImageManager] Created image: 'TaharezLook/MiniVertScrollDownNormal' (0x14f9240) of type: BasicImage
24/10/2016 20:56:27 (Std) 	[ImageManager] Created image: 'TaharezLook/MiniVertScrollUpHover' (0x14f9590) of type: BasicImage
24/10/2016 20:56:27 (Std) 	[ImageManager] Created image: 'TaharezLook/MiniVertScrollDownHover' (0x14f98c0) of type: BasicImage
24/10/2016 20:56:27 (Std) 	[ImageManager] Created image: 'TaharezLook/VertSliderBody' (0x14f9c10) of type: BasicImage
24/10/2016 20:56:27 (Std) 	[ImageManager] Created image: 'TaharezLook/VertSliderThumbNormal' (0x14f9e20) of type: BasicImage
24/10/2016 20:56:27 (Std) 	[ImageManager] Created image: 'TaharezLook/VertSliderThumbHover' (0x14fa150) of type: BasicImage
24/10/2016 20:56:27 (Std) 	[ImageManager] Created image: 'TaharezLook/MiniHorzScrollBarSegment' (0x14fa480) of type: BasicImage
24/10/2016 20:56:27 (Std) 	[ImageManager] Created image: 'TaharezLook/MiniHorzScrollThumbNormal' (0x14fa7d0) of type: BasicImage
24/10/2016 20:56:27 (Std) 	[ImageManager] Created image: 'TaharezLook/MiniHorzScrollThumbLeftNormal' (0x14fab20) of type: BasicImage
24/10/2016 20:56:27 (Std) 	[ImageManager] Created image: 'TaharezLook/MiniHorzScrollThumbMiddleNormal' (0x14faf40) of type: BasicImage
24/10/2016 20:56:27 (Std) 	[ImageManager] Created image: 'TaharezLook/MiniHorzScrollThumbRightNormal' (0x14fb2d0) of type: BasicImage
24/10/2016 20:56:27 (Std) 	[ImageManager] Created image: 'TaharezLook/MiniHorzScrollThumbHover' (0x14fb660) of type: BasicImage
24/10/2016 20:56:27 (Std) 	[ImageManager] Created image: 'TaharezLook/MiniHorzScrollThumbLeftHover' (0x14fb9b0) of type: BasicImage
24/10/2016 20:56:27 (Std) 	[ImageManager] Created image: 'TaharezLook/MiniHorzScrollThumbMiddleHover' (0x14fbd20) of type: BasicImage
24/10/2016 20:56:27 (Std) 	[ImageManager] Created image: 'TaharezLook/MiniHorzScrollThumbRightHover' (0x14fc0b0) of type: BasicImage
24/10/2016 20:56:27 (Std) 	[ImageManager] Created image: 'TaharezLook/MiniHorzScrollLeftNormal' (0x14fc420) of type: BasicImage
24/10/2016 20:56:27 (Std) 	[ImageManager] Created image: 'TaharezLook/MiniHorzScrollRightNormal' (0x14fc770) of type: BasicImage
24/10/2016 20:56:27 (Std) 	[ImageManager] Created image: 'TaharezLook/MiniHorzScrollLeftHover' (0x14fcac0) of type: BasicImage
24/10/2016 20:56:27 (Std) 	[ImageManager] Created image: 'TaharezLook/MiniHorzScrollRightHover' (0x14fce10) of type: BasicImage
24/10/2016 20:56:27 (Std) 	[ImageManager] Created image: 'TaharezLook/ListboxLeft' (0x14fd160) of type: BasicImage
24/10/2016 20:56:27 (Std) 	[ImageManager] Created image: 'TaharezLook/ListboxRight' (0x14fd370) of type: BasicImage
24/10/2016 20:56:27 (Std) 	[ImageManager] Created image: 'TaharezLook/ListboxTop' (0x14fd580) of type: BasicImage
24/10/2016 20:56:27 (Std) 	[ImageManager] Created image: 'TaharezLook/ListboxBottom' (0x14fd790) of type: BasicImage
24/10/2016 20:56:27 (Std) 	[ImageManager] Created image: 'TaharezLook/ListboxTopLeft' (0x14fd9a0) of type: BasicImage
24/10/2016 20:56:27 (Std) 	[ImageManager] Created image: 'TaharezLook/ListboxTopRight' (0x14fdbb0) of type: BasicImage
24/10/2016 20:56:27 (Std) 	[ImageManager] Created image: 'TaharezLook/ListboxBottomLeft' (0x14fddc0) of type: BasicImage
24/10/2016 20:56:27 (Std) 	[ImageManager] Created image: 'TaharezLook/ListboxBottomRight' (0x14fdfd0) of type: BasicImage
24/10/2016 20:56:27 (Std) 	[ImageManager] Created image: 'TaharezLook/ListboxBackdrop' (0x14fe1e0) of type: BasicImage
24/10/2016 20:56:27 (Std) 	[ImageManager] Created image: 'TaharezLook/ListboxSelectionBrush' (0x14fe3f0) of type: BasicImage
24/10/2016 20:56:27 (Std) 	[ImageManager] Created image: 'TaharezLook/ComboboxEditLeft' (0x14fe720) of type: BasicImage
24/10/2016 20:56:27 (Std) 	[ImageManager] Created image: 'TaharezLook/ComboboxEditMiddle' (0x14fe930) of type: BasicImage
24/10/2016 20:56:27 (Std) 	[ImageManager] Created image: 'TaharezLook/ComboboxListButtonNormal' (0x14feb40) of type: BasicImage
24/10/2016 20:56:27 (Std) 	[ImageManager] Created image: 'TaharezLook/ComboboxListButtonHover' (0x14fee90) of type: BasicImage
24/10/2016 20:56:27 (Std) 	[ImageManager] Created image: 'TaharezLook/ComboboxListLeft' (0x14ff1e0) of type: BasicImage
24/10/2016 20:56:27 (Std) 	[ImageManager] Created image: 'TaharezLook/ComboboxListRight' (0x14ff3f0) of type: BasicImage
24/10/2016 20:56:27 (Std) 	[ImageManager] Created image: 'TaharezLook/ComboboxListTop' (0x14ff600) of type: BasicImage
24/10/2016 20:56:27 (Std) 	[ImageManager] Created image: 'TaharezLook/ComboboxListBottom' (0x14ff810) of type: BasicImage
24/10/2016 20:56:27 (Std) 	[ImageManager] Created image: 'TaharezLook/ComboboxListTopLeft' (0x14ffa20) of type: BasicImage
24/10/2016 20:56:27 (Std) 	[ImageManager] Created image: 'TaharezLook/ComboboxListTopRight' (0x14ffc30) of type: BasicImage
24/10/2016 20:56:27 (Std) 	[ImageManager] Created image: 'TaharezLook/ComboboxListBottomLeft' (0x14fff60) of type: BasicImage
24/10/2016 20:56:27 (Std) 	[ImageManager] Created image: 'TaharezLook/ComboboxListBottomRight' (0x15002b0) of type: BasicImage
24/10/2016 20:56:27 (Std) 	[ImageManager] Created image: 'TaharezLook/ComboboxListBackdrop' (0x1500600) of type: BasicImage
24/10/2016 20:56:27 (Std) 	[ImageManager] Created image: 'TaharezLook/ComboboxSelectionBrush' (0x1500930) of type: BasicImage
24/10/2016 20:56:27 (Std) 	[ImageManager] Created image: 'TaharezLook/ComboboxDividerLeft' (0x1500c80) of type: BasicImage
24/10/2016 20:56:27 (Std) 	[ImageManager] Created image: 'TaharezLook/ComboboxDividerMiddle' (0x1500e90) of type: BasicImage
24/10/2016 20:56:27 (Std) 	[ImageManager] Created image: 'TaharezLook/ComboboxDividerRight' (0x15011c0) of type: BasicImage
24/10/2016 20:56:27 (Std) 	[ImageManager] Created image: 'TaharezLook/HeaderBarBackdropNormal' (0x15014f0) of type: BasicImage
24/10/2016 20:56:27 (Std) 	[ImageManager] Created image: 'TaharezLook/HeaderBarBackdropHover' (0x1501840) of type: BasicImage
24/10/2016 20:56:27 (Std) 	[ImageManager] Created image: 'TaharezLook/HeaderBarSplitterNormal' (0x1501b90) of type: BasicImage
24/10/2016 20:56:27 (Std) 	[ImageManager] Created image: 'TaharezLook/HeaderBarSplitterHover' (0x1501ee0) of type: BasicImage
24/10/2016 20:56:27 (Std) 	[ImageManager] Created image: 'TaharezLook/HeaderBarSortUp' (0x1502230) of type: BasicImage
24/10/2016 20:56:27 (Std) 	[ImageManager] Created image: 'TaharezLook/HeaderBarSortDown' (0x1502440) of type: BasicImage
24/10/2016 20:56:27 (Std) 	[ImageManager] Created image: 'TaharezLook/MultiListLeft' (0x1502650) of type: BasicImage
24/10/2016 20:56:27 (Std) 	[ImageManager] Created image: 'TaharezLook/MultiListRight' (0x1502860) of type: BasicImage
24/10/2016 20:56:27 (Std) 	[ImageManager] Created image: 'TaharezLook/MultiListTop' (0x1502a70) of type: BasicImage
24/10/2016 20:56:27 (Std) 	[ImageManager] Created image: 'TaharezLook/MultiListBottom' (0x1502c80) of type: BasicImage
24/10/2016 20:56:27 (Std) 	[ImageManager] Created image: 'TaharezLook/MultiListTopLeft' (0x1502e90) of type: BasicImage
24/10/2016 20:56:27 (Std) 	[ImageManager] Created image: 'TaharezLook/MultiListTopRight' (0x15030a0) of type: BasicImage
24/10/2016 20:56:27 (Std) 	[ImageManager] Created image: 'TaharezLook/MultiListBottomLeft' (0x15032b0) of type: BasicImage
24/10/2016 20:56:27 (Std) 	[ImageManager] Created image: 'TaharezLook/MultiListBottomRight' (0x15034c0) of type: BasicImage
24/10/2016 20:56:27 (Std) 	[ImageManager] Created image: 'TaharezLook/MultiListBackdrop' (0x15037f0) of type: BasicImage
24/10/2016 20:56:27 (Std) 	[ImageManager] Created image: 'TaharezLook/MultiListSelectionBrush' (0x1503a00) of type: BasicImage
24/10/2016 20:56:27 (Std) 	[ImageManager] Created image: 'TaharezLook/AltProgressLeft' (0x1503d50) of type: BasicImage
24/10/2016 20:56:27 (Std) 	[ImageManager] Created image: 'TaharezLook/AltProgressMiddle' (0x1503f60) of type: BasicImage
24/10/2016 20:56:27 (Std) 	[ImageManager] Created image: 'TaharezLook/AltProgressRight' (0x1504170) of type: BasicImage
24/10/2016 20:56:27 (Std) 	[ImageManager] Created image: 'TaharezLook/AltProgressQuarter' (0x1504380) of type: BasicImage
24/10/2016 20:56:27 (Std) 	[ImageManager] Created image: 'TaharezLook/AltProgressHalf' (0x1504590) of type: BasicImage
24/10/2016 20:56:27 (Std) 	[ImageManager] Created image: 'TaharezLook/AltProgressLight1' (0x15047a0) of type: BasicImage
24/10/2016 20:56:27 (Std) 	[ImageManager] Created image: 'TaharezLook/AltProgressLight2' (0x15049b0) of type: BasicImage
24/10/2016 20:56:27 (Std) 	[ImageManager] Created image: 'TaharezLook/AltProgressLight3' (0x1504bc0) of type: BasicImage
24/10/2016 20:56:27 (Std) 	[ImageManager] Created image: 'TaharezLook/AltProgressLight4' (0x1504dd0) of type: BasicImage
24/10/2016 20:56:27 (Std) 	[ImageManager] Created image: 'TaharezLook/AltProgressLight5' (0x14d28a0) of type: BasicImage
24/10/2016 20:56:27 (Std) 	[ImageManager] Created image: 'TaharezLook/AltProgressLight6' (0x1505170) of type: BasicImage
24/10/2016 20:56:27 (Std) 	[ImageManager] Created image: 'TaharezLook/AltProgressLight7' (0x15853e0) of type: BasicImage
24/10/2016 20:56:27 (Std) 	[ImageManager] Created image: 'TaharezLook/AltProgressLight8' (0x15855f0) of type: BasicImage
24/10/2016 20:56:27 (Std) 	[ImageManager] Created image: 'TaharezLook/AltProgressLight9' (0x1585800) of type: BasicImage
24/10/2016 20:56:27 (Std) 	[ImageManager] Created image: 'TaharezLook/AltProgressLight10' (0x1585a10) of type: BasicImage
24/10/2016 20:56:27 (Std) 	[ImageManager] Created image: 'TaharezLook/CloseButtonNormal' (0x1585c20) of type: BasicImage
24/10/2016 20:56:27 (Std) 	[ImageManager] Created image: 'TaharezLook/CloseButtonHover' (0x1585e30) of type: BasicImage
24/10/2016 20:56:27 (Std) 	[ImageManager] Created image: 'TaharezLook/CloseButtonPressed' (0x1586040) of type: BasicImage
24/10/2016 20:56:27 (Std) 	[ImageManager] Created image: 'TaharezLook/NewCloseButtonNormal' (0x1586250) of type: BasicImage
24/10/2016 20:56:27 (Std) 	[ImageManager] Created image: 'TaharezLook/NewCloseButtonHover' (0x1586460) of type: BasicImage
24/10/2016 20:56:27 (Std) 	[ImageManager] Created image: 'TaharezLook/NewCloseButtonPressed' (0x1586670) of type: BasicImage
24/10/2016 20:56:27 (Std) 	[ImageManager] Created image: 'TaharezLook/MultiLineEditboxLeft' (0x1586880) of type: BasicImage
24/10/2016 20:56:27 (Std) 	[ImageManager] Created image: 'TaharezLook/MultiLineEditboxRight' (0x1586a90) of type: BasicImage
24/10/2016 20:56:27 (Std) 	[ImageManager] Created image: 'TaharezLook/MultiLineEditboxTop' (0x1586ca0) of type: BasicImage
24/10/2016 20:56:27 (Std) 	[ImageManager] Created image: 'TaharezLook/MultiLineEditboxBottom' (0x15871d0) of type: BasicImage
24/10/2016 20:56:27 (Std) 	[ImageManager] Created image: 'TaharezLook/MultiLineEditboxTopLeft' (0x15872f0) of type: BasicImage
24/10/2016 20:56:27 (Std) 	[ImageManager] Created image: 'TaharezLook/MultiLineEditboxTopRight' (0x15875a0) of type: BasicImage
24/10/2016 20:56:27 (Std) 	[ImageManager] Created image: 'TaharezLook/MultiLineEditboxBottomLeft' (0x14ce640) of type: BasicImage
24/10/2016 20:56:27 (Std) 	[ImageManager] Created image: 'TaharezLook/MultiLineEditboxBottomRight' (0x1587e60) of type: BasicImage
24/10/2016 20:56:27 (Std) 	[ImageManager] Created image: 'TaharezLook/MultiLineEditboxBackdrop' (0x15881d0) of type: BasicImage
24/10/2016 20:56:27 (Std) 	[ImageManager] Created image: 'TaharezLook/MultiLineEditboxSelectionBrush' (0x1586f70) of type: BasicImage
24/10/2016 20:56:27 (Std) 	[ImageManager] Created image: 'TaharezLook/MouseTarget' (0x1588fb0) of type: BasicImage
24/10/2016 20:56:27 (Std) 	[ImageManager] Created image: 'TaharezLook/MouseArrow' (0x1588970) of type: BasicImage
24/10/2016 20:56:27 (Std) 	[ImageManager] Created image: 'TaharezLook/MouseMoveCursor' (0x15894e0) of type: BasicImage
24/10/2016 20:56:27 (Std) 	[ImageManager] Created image: 'TaharezLook/MouseNoSoCursor' (0x1589600) of type: BasicImage
24/10/2016 20:56:27 (Std) 	[ImageManager] Created image: 'TaharezLook/MouseEsWeCursor' (0x1589810) of type: BasicImage
24/10/2016 20:56:27 (Std) 	[ImageManager] Created image: 'TaharezLook/MouseNeSwCursor' (0x1589a20) of type: BasicImage
24/10/2016 20:56:27 (Std) 	[ImageManager] Created image: 'TaharezLook/MouseNwSeCursor' (0x1589c30) of type: BasicImage
24/10/2016 20:56:27 (Std) 	[ImageManager] Created image: 'TaharezLook/MouseTextBar' (0x1589e40) of type: BasicImage
24/10/2016 20:56:27 (Std) 	[ImageManager] Created image: 'TaharezLook/TabHorizontalFiller' (0x14cec00) of type: BasicImage
24/10/2016 20:56:27 (Std) 	[ImageManager] Created image: 'TaharezLook/TabContentPaneUpperLeft' (0x15883e0) of type: BasicImage
24/10/2016 20:56:27 (Std) 	[ImageManager] Created image: 'TaharezLook/TabContentPaneUpper' (0x158a050) of type: BasicImage
24/10/2016 20:56:27 (Std) 	[ImageManager] Created image: 'TaharezLook/TabContentPaneUpperRight' (0x158a170) of type: BasicImage
24/10/2016 20:56:27 (Std) 	[ImageManager] Created image: 'TaharezLook/TabContentPaneLeft' (0x158a420) of type: BasicImage
24/10/2016 20:56:27 (Std) 	[ImageManager] Created image: 'TaharezLook/TabContentPaneRight' (0x158a630) of type: BasicImage
24/10/2016 20:56:27 (Std) 	[ImageManager] Created image: 'TaharezLook/TabContentPaneLower' (0x158a840) of type: BasicImage
24/10/2016 20:56:27 (Std) 	[ImageManager] Created image: 'TaharezLook/TabContentPaneLowerLeft' (0x158aa50) of type: BasicImage
24/10/2016 20:56:27 (Std) 	[ImageManager] Created image: 'TaharezLook/TabContentPaneLowerRight' (0x158ada0) of type: BasicImage
24/10/2016 20:56:27 (Std) 	[ImageManager] Created image: 'TaharezLook/TabContentPaneMiddle' (0x158b0f0) of type: BasicImage
24/10/2016 20:56:27 (Std) 	[ImageManager] Created image: 'TaharezLook/TabButtonScrollLeftNormal' (0x158b300) of type: BasicImage
24/10/2016 20:56:27 (Std) 	[ImageManager] Created image: 'TaharezLook/TabButtonScrollRightNormal' (0x158ba10) of type: BasicImage
24/10/2016 20:56:27 (Std) 	[ImageManager] Created image: 'TaharezLook/TabButtonScrollLeftHover' (0x1589350) of type: BasicImage
24/10/2016 20:56:27 (Std) 	[ImageManager] Created image: 'TaharezLook/TabButtonScrollRightHover' (0x158be60) of type: BasicImage
24/10/2016 20:56:27 (Std) 	[ImageManager] Created image: 'TaharezLook/TabButtonLeftNormal' (0x158c1b0) of type: BasicImage
24/10/2016 20:56:27 (Std) 	[ImageManager] Created image: 'TaharezLook/TabButtonRightNormal' (0x158c3c0) of type: BasicImage
24/10/2016 20:56:27 (Std) 	[ImageManager] Created image: 'TaharezLook/TabButtonUpperNormal' (0x158c5d0) of type: BasicImage
24/10/2016 20:56:27 (Std) 	[ImageManager] Created image: 'TaharezLook/TabButtonLowerNormal' (0x158c900) of type: BasicImage
24/10/2016 20:56:27 (Std) 	[ImageManager] Created image: 'TaharezLook/TabButtonUpperLeftNormal' (0x158cf50) of type: BasicImage
24/10/2016 20:56:27 (Std) 	[ImageManager] Created image: 'TaharezLook/TabButtonUpperLeft2Normal' (0x158d200) of type: BasicImage
24/10/2016 20:56:27 (Std) 	[ImageManager] Created image: 'TaharezLook/TabButtonUpperRightNormal' (0x158d550) of type: BasicImage
24/10/2016 20:56:27 (Std) 	[ImageManager] Created image: 'TaharezLook/TabButtonLowerLeftNormal' (0x158d8a0) of type: BasicImage
24/10/2016 20:56:27 (Std) 	[ImageManager] Created image: 'TaharezLook/TabButtonLowerRightNormal' (0x158dbf0) of type: BasicImage
24/10/2016 20:56:27 (Std) 	[ImageManager] Created image: 'TaharezLook/TabButtonLowerRight2Normal' (0x158e260) of type: BasicImage
24/10/2016 20:56:27 (Std) 	[ImageManager] Created image: 'TaharezLook/TabButtonMiddleNormal' (0x14da9a0) of type: BasicImage
24/10/2016 20:56:27 (Std) 	[ImageManager] Created image: 'TaharezLook/TabButtonLeftSelected' (0x158e610) of type: BasicImage
24/10/2016 20:56:27 (Std) 	[ImageManager] Created image: 'TaharezLook/TabButtonRightSelected' (0x158e9b0) of type: BasicImage
24/10/2016 20:56:27 (Std) 	[ImageManager] Created image: 'TaharezLook/TabButtonUpperSelected' (0x158ed00) of type: BasicImage
24/10/2016 20:56:27 (Std) 	[ImageManager] Created image: 'TaharezLook/TabButtonLowerSelected' (0x158f050) of type: BasicImage
24/10/2016 20:56:27 (Std) 	[ImageManager] Created image: 'TaharezLook/TabButtonUpperLeftSelected' (0x158f6c0) of type: BasicImage
24/10/2016 20:56:27 (Std) 	[ImageManager] Created image: 'TaharezLook/TabButtonUpperRightSelected' (0x158f980) of type: BasicImage
24/10/2016 20:56:27 (Std) 	[ImageManager] Created image: 'TaharezLook/TabButtonLowerLeftSelected' (0x158fcf0) of type: BasicImage
24/10/2016 20:56:27 (Std) 	[ImageManager] Created image: 'TaharezLook/TabButtonLowerRightSelected' (0x1590060) of type: BasicImage
24/10/2016 20:56:27 (Std) 	[ImageManager] Created image: 'TaharezLook/TabButtonMiddleSelected' (0x15903d0) of type: BasicImage
24/10/2016 20:56:27 (Std) 	[ImageManager] Created image: 'TaharezLook/TooltipTopLeft' (0x15905e0) of type: BasicImage
24/10/2016 20:56:27 (Std) 	[ImageManager] Created image: 'TaharezLook/TooltipTopRight' (0x15907f0) of type: BasicImage
24/10/2016 20:56:27 (Std) 	[ImageManager] Created image: 'TaharezLook/TooltipBottomLeft' (0x1590a00) of type: BasicImage
24/10/2016 20:56:27 (Std) 	[ImageManager] Created image: 'TaharezLook/TooltipBottomRight' (0x1590c10) of type: BasicImage
24/10/2016 20:56:27 (Std) 	[ImageManager] Created image: 'TaharezLook/TooltipLeftEdge' (0x1590e20) of type: BasicImage
24/10/2016 20:56:27 (Std) 	[ImageManager] Created image: 'TaharezLook/TooltipRightEdge' (0x1591030) of type: BasicImage
24/10/2016 20:56:27 (Std) 	[ImageManager] Created image: 'TaharezLook/TooltipTopEdge' (0x1591240) of type: BasicImage
24/10/2016 20:56:27 (Std) 	[ImageManager] Created image: 'TaharezLook/TooltipBottomEdge' (0x1591450) of type: BasicImage
24/10/2016 20:56:27 (Std) 	[ImageManager] Created image: 'TaharezLook/TooltipMiddle' (0x1591660) of type: BasicImage
24/10/2016 20:56:27 (Std) 	[ImageManager] Created image: 'TaharezLook/MenuTopLeft' (0x1591870) of type: BasicImage
24/10/2016 20:56:27 (Std) 	[ImageManager] Created image: 'TaharezLook/MenuTopRight' (0x1591a80) of type: BasicImage
24/10/2016 20:56:27 (Std) 	[ImageManager] Created image: 'TaharezLook/MenuBottomLeft' (0x1591c90) of type: BasicImage
24/10/2016 20:56:27 (Std) 	[ImageManager] Created image: 'TaharezLook/MenuBottomRight' (0x1591ea0) of type: BasicImage
24/10/2016 20:56:27 (Std) 	[ImageManager] Created image: 'TaharezLook/MenuLeft' (0x15920b0) of type: BasicImage
24/10/2016 20:56:27 (Std) 	[ImageManager] Created image: 'TaharezLook/MenuRight' (0x15922c0) of type: BasicImage
24/10/2016 20:56:27 (Std) 	[ImageManager] Created image: 'TaharezLook/MenuTop' (0x15924d0) of type: BasicImage
24/10/2016 20:56:27 (Std) 	[ImageManager] Created image: 'TaharezLook/MenuBottom' (0x15926e0) of type: BasicImage
24/10/2016 20:56:27 (Std) 	[ImageManager] Created image: 'TaharezLook/MenuMiddle' (0x15928f0) of type: BasicImage
24/10/2016 20:56:27 (Std) 	[ImageManager] Created image: 'TaharezLook/PopupMenuFrameTopLeft' (0x1592b00) of type: BasicImage
24/10/2016 20:56:27 (Std) 	[ImageManager] Created image: 'TaharezLook/PopupMenuFrameTopRight' (0x1592d10) of type: BasicImage
24/10/2016 20:56:27 (Std) 	[ImageManager] Created image: 'TaharezLook/PopupMenuFrameBottomLeft' (0x1593100) of type: BasicImage
24/10/2016 20:56:27 (Std) 	[ImageManager] Created image: 'TaharezLook/PopupMenuFrameBottomRight' (0x1593450) of type: BasicImage
24/10/2016 20:56:27 (Std) 	[ImageManager] Created image: 'TaharezLook/PopupMenuFrameLeft' (0x15937a0) of type: BasicImage
24/10/2016 20:56:27 (Std) 	[ImageManager] Created image: 'TaharezLook/PopupMenuFrameRight' (0x15939b0) of type: BasicImage
24/10/2016 20:56:27 (Std) 	[ImageManager] Created image: 'TaharezLook/PopupMenuFrameTop' (0x1593bc0) of type: BasicImage
24/10/2016 20:56:27 (Std) 	[ImageManager] Created image: 'TaharezLook/PopupMenuFrameBottom' (0x1593dd0) of type: BasicImage
24/10/2016 20:56:27 (Std) 	[ImageManager] Created image: 'TaharezLook/PopupMenuMiddle' (0x1593fe0) of type: BasicImage
24/10/2016 20:56:27 (Std) 	[ImageManager] Created image: 'TaharezLook/PopupMenuArrowRight' (0x15941f0) of type: BasicImage
24/10/2016 20:56:27 (Std) 	[ImageManager] Created image: 'TaharezLook/PopupMenuArrowLeft' (0x1594400) of type: BasicImage
24/10/2016 20:56:27 (Std) 	[ImageManager] Created image: 'TaharezLook/TreeListClosed' (0x1594610) of type: BasicImage
24/10/2016 20:56:27 (Std) 	[ImageManager] Created image: 'TaharezLook/TreeListOpened' (0x1594820) of type: BasicImage
24/10/2016 20:56:27 (Std) 	===== Falagard 'root' element: look and feel parsing begins =====
24/10/2016 20:56:27 (Std) 	===== Look and feel parsing completed =====
24/10/2016 20:56:27 (Std) 	No window renderer factories specified for module 'CEGUICoreWindowRendererSet' - adding all available factories...
24/10/2016 20:56:27 (Std) 	Created WindowRendererFactory for 'Core/Button' WindowRenderers.
24/10/2016 20:56:27 (Std) 	WindowRendererFactory 'Core/Button' added. (0x158f3a0)
24/10/2016 20:56:27 (Std) 	Created WindowRendererFactory for 'Core/Default' WindowRenderers.
24/10/2016 20:56:27 (Std) 	WindowRendererFactory 'Core/Default' added. (0x158f540)
24/10/2016 20:56:27 (Std) 	Created WindowRendererFactory for 'Core/Editbox' WindowRenderers.
24/10/2016 20:56:27 (Std) 	WindowRendererFactory 'Core/Editbox' added. (0x1814810)
24/10/2016 20:56:27 (Std) 	Created WindowRendererFactory for 'Core/FrameWindow' WindowRenderers.
24/10/2016 20:56:27 (Std) 	WindowRendererFactory 'Core/FrameWindow' added. (0x14d0240)
24/10/2016 20:56:27 (Std) 	Created WindowRendererFactory for 'Core/ItemEntry' WindowRenderers.
24/10/2016 20:56:27 (Std) 	WindowRendererFactory 'Core/ItemEntry' added. (0x14d03e0)
24/10/2016 20:56:27 (Std) 	Created WindowRendererFactory for 'Core/ListHeader' WindowRenderers.
24/10/2016 20:56:27 (Std) 	WindowRendererFactory 'Core/ListHeader' added. (0x17ca9c0)
24/10/2016 20:56:27 (Std) 	Created WindowRendererFactory for 'Core/ListHeaderSegment' WindowRenderers.
24/10/2016 20:56:27 (Std) 	WindowRendererFactory 'Core/ListHeaderSegment' added. (0x17cab60)
24/10/2016 20:56:27 (Std) 	Created WindowRendererFactory for 'Core/Listbox' WindowRenderers.
24/10/2016 20:56:27 (Std) 	WindowRendererFactory 'Core/Listbox' added. (0x17cad00)
24/10/2016 20:56:27 (Std) 	Created WindowRendererFactory for 'Core/Menubar' WindowRenderers.
24/10/2016 20:56:27 (Std) 	WindowRendererFactory 'Core/Menubar' added. (0x176dca0)
24/10/2016 20:56:27 (Std) 	Created WindowRendererFactory for 'Core/MenuItem' WindowRenderers.
24/10/2016 20:56:27 (Std) 	WindowRendererFactory 'Core/MenuItem' added. (0x176de40)
24/10/2016 20:56:27 (Std) 	Created WindowRendererFactory for 'Core/MultiColumnList' WindowRenderers.
24/10/2016 20:56:27 (Std) 	WindowRendererFactory 'Core/MultiColumnList' added. (0x176df00)
24/10/2016 20:56:27 (Std) 	Created WindowRendererFactory for 'Core/MultiLineEditbox' WindowRenderers.
24/10/2016 20:56:27 (Std) 	WindowRendererFactory 'Core/MultiLineEditbox' added. (0x17f9830)
24/10/2016 20:56:27 (Std) 	Created WindowRendererFactory for 'Core/PopupMenu' WindowRenderers.
24/10/2016 20:56:27 (Std) 	WindowRendererFactory 'Core/PopupMenu' added. (0x17f99d0)
24/10/2016 20:56:27 (Std) 	Created WindowRendererFactory for 'Core/ProgressBar' WindowRenderers.
24/10/2016 20:56:27 (Std) 	WindowRendererFactory 'Core/ProgressBar' added. (0x1820630)
24/10/2016 20:56:27 (Std) 	Created WindowRendererFactory for 'Core/ScrollablePane' WindowRenderers.
24/10/2016 20:56:27 (Std) 	WindowRendererFactory 'Core/ScrollablePane' added. (0x18207d0)
24/10/2016 20:56:27 (Std) 	Created WindowRendererFactory for 'Core/Scrollbar' WindowRenderers.
24/10/2016 20:56:27 (Std) 	WindowRendererFactory 'Core/Scrollbar' added. (0x1820970)
24/10/2016 20:56:27 (Std) 	Created WindowRendererFactory for 'Core/Slider' WindowRenderers.
24/10/2016 20:56:27 (Std) 	WindowRendererFactory 'Core/Slider' added. (0x1820b10)
24/10/2016 20:56:27 (Std) 	Created WindowRendererFactory for 'Core/Static' WindowRenderers.
24/10/2016 20:56:27 (Std) 	WindowRendererFactory 'Core/Static' added. (0x1820dc0)
24/10/2016 20:56:27 (Std) 	Created WindowRendererFactory for 'Core/StaticImage' WindowRenderers.
24/10/2016 20:56:27 (Std) 	WindowRendererFactory 'Core/StaticImage' added. (0x1820f60)
24/10/2016 20:56:27 (Std) 	Created WindowRendererFactory for 'Core/StaticText' WindowRenderers.
24/10/2016 20:56:27 (Std) 	WindowRendererFactory 'Core/StaticText' added. (0x181ee10)
24/10/2016 20:56:27 (Std) 	Created WindowRendererFactory for 'Core/TabButton' WindowRenderers.
24/10/2016 20:56:27 (Std) 	WindowRendererFactory 'Core/TabButton' added. (0x181efb0)
24/10/2016 20:56:27 (Std) 	Created WindowRendererFactory for 'Core/TabControl' WindowRenderers.
24/10/2016 20:56:27 (Std) 	WindowRendererFactory 'Core/TabControl' added. (0x181f150)
24/10/2016 20:56:27 (Std) 	Created WindowRendererFactory for 'Core/Titlebar' WindowRenderers.
24/10/2016 20:56:27 (Std) 	WindowRendererFactory 'Core/Titlebar' added. (0x181f2f0)
24/10/2016 20:56:27 (Std) 	Created WindowRendererFactory for 'Core/ToggleButton' WindowRenderers.
24/10/2016 20:56:27 (Std) 	WindowRendererFactory 'Core/ToggleButton' added. (0x181f490)
24/10/2016 20:56:27 (Std) 	Created WindowRendererFactory for 'Core/Tooltip' WindowRenderers.
24/10/2016 20:56:27 (Std) 	WindowRendererFactory 'Core/Tooltip' added. (0x181f630)
24/10/2016 20:56:27 (Std) 	Created WindowRendererFactory for 'Core/ItemListbox' WindowRenderers.
24/10/2016 20:56:27 (Std) 	WindowRendererFactory 'Core/ItemListbox' added. (0x181f7d0)
24/10/2016 20:56:27 (Std) 	Created WindowRendererFactory for 'Core/Tree' WindowRenderers.
24/10/2016 20:56:27 (Std) 	WindowRendererFactory 'Core/Tree' added. (0x181f890)
24/10/2016 20:56:27 (Std) 	Creating falagard mapping for type 'TaharezLook/Label' using base type 'DefaultWindow', window renderer 'Core/Default' Look'N'Feel 'TaharezLook/Label' and RenderEffect ''. (0x7ffea0999170)
24/10/2016 20:56:27 (Std) 	Creating falagard mapping for type 'TaharezLook/Button' using base type 'CEGUI/PushButton', window renderer 'Core/Button' Look'N'Feel 'TaharezLook/Button' and RenderEffect ''. (0x7ffea0999170)
24/10/2016 20:56:27 (Std) 	Creating falagard mapping for type 'TaharezLook/Checkbox' using base type 'CEGUI/ToggleButton', window renderer 'Core/ToggleButton' Look'N'Feel 'TaharezLook/Checkbox' and RenderEffect ''. (0x7ffea0999170)
24/10/2016 20:56:27 (Std) 	Creating falagard mapping for type 'TaharezLook/ImageButton' using base type 'CEGUI/PushButton', window renderer 'Core/Button' Look'N'Feel 'TaharezLook/ImageButton' and RenderEffect ''. (0x7ffea0999170)
24/10/2016 20:56:27 (Std) 	Creating falagard mapping for type 'TaharezLook/RadioButton' using base type 'CEGUI/RadioButton', window renderer 'Core/ToggleButton' Look'N'Feel 'TaharezLook/RadioButton' and RenderEffect ''. (0x7ffea0999170)
24/10/2016 20:56:27 (Std) 	Creating falagard mapping for type 'TaharezLook/FrameWindow' using base type 'CEGUI/FrameWindow', window renderer 'Core/FrameWindow' Look'N'Feel 'TaharezLook/FrameWindow' and RenderEffect ''. (0x7ffea0999170)
24/10/2016 20:56:27 (Std) 	Creating falagard mapping for type 'TaharezLook/Titlebar' using base type 'CEGUI/Titlebar', window renderer 'Core/Titlebar' Look'N'Feel 'TaharezLook/Titlebar' and RenderEffect ''. (0x7ffea0999170)
24/10/2016 20:56:27 (Std) 	Creating falagard mapping for type 'TaharezLook/Editbox' using base type 'CEGUI/Editbox', window renderer 'Core/Editbox' Look'N'Feel 'TaharezLook/Editbox' and RenderEffect ''. (0x7ffea0999170)
24/10/2016 20:56:27 (Std) 	Creating falagard mapping for type 'TaharezLook/MultiLineEditbox' using base type 'CEGUI/MultiLineEditbox', window renderer 'Core/MultiLineEditbox' Look'N'Feel 'TaharezLook/MultiLineEditbox' and RenderEffect ''. (0x7ffea0999170)
24/10/2016 20:56:27 (Std) 	Creating falagard mapping for type 'TaharezLook/Menubar' using base type 'CEGUI/Menubar', window renderer 'Core/Menubar' Look'N'Feel 'TaharezLook/Menubar' and RenderEffect ''. (0x7ffea0999170)
24/10/2016 20:56:27 (Std) 	Creating falagard mapping for type 'TaharezLook/PopupMenu' using base type 'CEGUI/PopupMenu', window renderer 'Core/PopupMenu' Look'N'Feel 'TaharezLook/PopupMenu' and RenderEffect ''. (0x7ffea0999170)
24/10/2016 20:56:27 (Std) 	Creating falagard mapping for type 'TaharezLook/MenuItem' using base type 'CEGUI/MenuItem', window renderer 'Core/MenuItem' Look'N'Feel 'TaharezLook/MenuItem' and RenderEffect ''. (0x7ffea0999170)
24/10/2016 20:56:27 (Std) 	Creating falagard mapping for type 'TaharezLook/AlternateProgressBar' using base type 'CEGUI/ProgressBar', window renderer 'Core/ProgressBar' Look'N'Feel 'TaharezLook/AltProgressBar' and RenderEffect ''. (0x7ffea0999170)
24/10/2016 20:56:27 (Std) 	Creating falagard mapping for type 'TaharezLook/ProgressBar' using base type 'CEGUI/ProgressBar', window renderer 'Core/ProgressBar' Look'N'Feel 'TaharezLook/ProgressBar' and RenderEffect ''. (0x7ffea0999170)
24/10/2016 20:56:27 (Std) 	Creating falagard mapping for type 'TaharezLook/VUMeter' using base type 'CEGUI/ProgressBar', window renderer 'Core/ProgressBar' Look'N'Feel 'TaharezLook/VUMeter' and RenderEffect ''. (0x7ffea0999170)
24/10/2016 20:56:27 (Std) 	Creating falagard mapping for type 'TaharezLook/VerticalScrollbar' using base type 'CEGUI/Scrollbar', window renderer 'Core/Scrollbar' Look'N'Feel 'TaharezLook/VerticalScrollbar' and RenderEffect ''. (0x7ffea0999170)
24/10/2016 20:56:27 (Std) 	Creating falagard mapping for type 'TaharezLook/HorizontalScrollbar' using base type 'CEGUI/Scrollbar', window renderer 'Core/Scrollbar' Look'N'Feel 'TaharezLook/HorizontalScrollbar' and RenderEffect ''. (0x7ffea0999170)
24/10/2016 20:56:27 (Std) 	Creating falagard mapping for type 'TaharezLook/VerticalScrollbarThumb' using base type 'CEGUI/Thumb', window renderer 'Core/Button' Look'N'Feel 'TaharezLook/VerticalScrollbarThumb' and RenderEffect ''. (0x7ffea0999170)
24/10/2016 20:56:27 (Std) 	Creating falagard mapping for type 'TaharezLook/HorizontalScrollbarThumb' using base type 'CEGUI/Thumb', window renderer 'Core/Button' Look'N'Feel 'TaharezLook/HorizontalScrollbarThumb' and RenderEffect ''. (0x7ffea0999170)
24/10/2016 20:56:27 (Std) 	Creating falagard mapping for type 'TaharezLook/LargeVerticalScrollbar' using base type 'CEGUI/Scrollbar', window renderer 'Core/Scrollbar' Look'N'Feel 'TaharezLook/LargeVerticalScrollbar' and RenderEffect ''. (0x7ffea0999170)
24/10/2016 20:56:27 (Std) 	Creating falagard mapping for type 'TaharezLook/LargeVerticalScrollbarThumb' using base type 'CEGUI/Thumb', window renderer 'Core/Button' Look'N'Feel 'TaharezLook/LargeVerticalScrollbarThumb' and RenderEffect ''. (0x7ffea0999170)
24/10/2016 20:56:27 (Std) 	Creating falagard mapping for type 'TaharezLook/TabButton' using base type 'CEGUI/TabButton', window renderer 'Core/TabButton' Look'N'Feel 'TaharezLook/TabButton' and RenderEffect ''. (0x7ffea0999170)
24/10/2016 20:56:27 (Std) 	Creating falagard mapping for type 'TaharezLook/TabControl' using base type 'CEGUI/TabControl', window renderer 'Core/TabControl' Look'N'Feel 'TaharezLook/TabControl' and RenderEffect ''. (0x7ffea0999170)
24/10/2016 20:56:27 (Std) 	Creating falagard mapping for type 'TaharezLook/TabContentPane' using base type 'DefaultWindow', window renderer 'Core/Default' Look'N'Feel 'TaharezLook/TabContentPane' and RenderEffect ''. (0x7ffea0999170)
24/10/2016 20:56:27 (Std) 	Creating falagard mapping for type 'TaharezLook/TabButtonPane' using base type 'DefaultWindow', window renderer 'Core/Default' Look'N'Feel 'TaharezLook/TabButtonPane' and RenderEffect ''. (0x7ffea0999170)
24/10/2016 20:56:27 (Std) 	Creating falagard mapping for type 'TaharezLook/ComboDropList' using base type 'CEGUI/ComboDropList', window renderer 'Core/Listbox' Look'N'Feel 'TaharezLook/ComboDropList' and RenderEffect ''. (0x7ffea0999170)
24/10/2016 20:56:27 (Std) 	Creating falagard mapping for type 'TaharezLook/ComboEditbox' using base type 'CEGUI/Editbox', window renderer 'Core/Editbox' Look'N'Feel 'TaharezLook/ComboEditbox' and RenderEffect ''. (0x7ffea0999170)
24/10/2016 20:56:27 (Std) 	Creating falagard mapping for type 'TaharezLook/Combobox' using base type 'CEGUI/Combobox', window renderer 'Core/Default' Look'N'Feel 'TaharezLook/Combobox' and RenderEffect ''. (0x7ffea0999170)
24/10/2016 20:56:27 (Std) 	Creating falagard mapping for type 'TaharezLook/Listbox' using base type 'CEGUI/Listbox', window renderer 'Core/Listbox' Look'N'Feel 'TaharezLook/Listbox' and RenderEffect ''. (0x7ffea0999170)
24/10/2016 20:56:27 (Std) 	Creating falagard mapping for type 'TaharezLook/ListHeader' using base type 'CEGUI/ListHeader', window renderer 'Core/ListHeader' Look'N'Feel 'TaharezLook/ListHeader' and RenderEffect ''. (0x7ffea0999170)
24/10/2016 20:56:27 (Std) 	Creating falagard mapping for type 'TaharezLook/ListHeaderSegment' using base type 'CEGUI/ListHeaderSegment', window renderer 'Core/ListHeaderSegment' Look'N'Feel 'TaharezLook/ListHeaderSegment' and RenderEffect ''. (0x7ffea0999170)
24/10/2016 20:56:27 (Std) 	Creating falagard mapping for type 'TaharezLook/MultiColumnList' using base type 'CEGUI/MultiColumnList', window renderer 'Core/MultiColumnList' Look'N'Feel 'TaharezLook/MultiColumnList' and RenderEffect ''. (0x7ffea0999170)
24/10/2016 20:56:27 (Std) 	Creating falagard mapping for type 'TaharezLook/Slider' using base type 'CEGUI/Slider', window renderer 'Core/Slider' Look'N'Feel 'TaharezLook/Slider' and RenderEffect ''. (0x7ffea0999170)
24/10/2016 20:56:27 (Std) 	Creating falagard mapping for type 'TaharezLook/SliderThumb' using base type 'CEGUI/Thumb', window renderer 'Core/Button' Look'N'Feel 'TaharezLook/SliderThumb' and RenderEffect ''. (0x7ffea0999170)
24/10/2016 20:56:27 (Std) 	Creating falagard mapping for type 'TaharezLook/ScrollablePane' using base type 'CEGUI/ScrollablePane', window renderer 'Core/ScrollablePane' Look'N'Feel 'TaharezLook/ScrollablePane' and RenderEffect ''. (0x7ffea0999170)
24/10/2016 20:56:27 (Std) 	Creating falagard mapping for type 'TaharezLook/Spinner' using base type 'CEGUI/Spinner', window renderer 'Core/Default' Look'N'Feel 'TaharezLook/Spinner' and RenderEffect ''. (0x7ffea0999170)
24/10/2016 20:56:27 (Std) 	Creating falagard mapping for type 'TaharezLook/Tooltip' using base type 'CEGUI/Tooltip', window renderer 'Core/Tooltip' Look'N'Feel 'TaharezLook/Tooltip' and RenderEffect ''. (0x7ffea0999170)
24/10/2016 20:56:27 (Std) 	Creating falagard mapping for type 'TaharezLook/StaticImage' using base type 'DefaultWindow', window renderer 'Core/StaticImage' Look'N'Feel 'TaharezLook/StaticImage' and RenderEffect ''. (0x7ffea0999170)
24/10/2016 20:56:27 (Std) 	Creating falagard mapping for type 'TaharezLook/StaticText' using base type 'DefaultWindow', window renderer 'Core/StaticText' Look'N'Feel 'TaharezLook/StaticText' and RenderEffect ''. (0x7ffea0999170)
24/10/2016 20:56:27 (Std) 	Creating falagard mapping for type 'TaharezLook/ItemListbox' using base type 'CEGUI/ItemListbox', window renderer 'Core/ItemListbox' Look'N'Feel 'TaharezLook/ItemListbox' and RenderEffect ''. (0x7ffea0999170)
24/10/2016 20:56:27 (Std) 	Creating falagard mapping for type 'TaharezLook/ListboxItem' using base type 'CEGUI/ItemEntry', window renderer 'Core/ItemEntry' Look'N'Feel 'TaharezLook/ListboxItem' and RenderEffect ''. (0x7ffea0999170)
24/10/2016 20:56:27 (Std) 	Creating falagard mapping for type 'TaharezLook/GroupBox' using base type 'DefaultWindow', window renderer 'Core/Default' Look'N'Feel 'TaharezLook/GroupBox' and RenderEffect ''. (0x7ffea0999170)
24/10/2016 20:56:27 (Std) 	Creating falagard mapping for type 'TaharezLook/Tree' using base type 'CEGUI/Tree', window renderer 'Core/Tree' Look'N'Feel 'TaharezLook/Tree' and RenderEffect ''. (0x7ffea0999170)
24/10/2016 20:56:27 (Std) 	Started creation of Scheme from XML specification:
24/10/2016 20:56:27 (Std) 	---- CEGUI GUIScheme name: HUDDemo
24/10/2016 20:56:27 (Std) 	[ImageManager] Started creation of Imageset from XML specification:
24/10/2016 20:56:27 (Std) 	[ImageManager] ---- CEGUI Imageset name: HUDDemo
24/10/2016 20:56:27 (Std) 	[ImageManager] ---- Source texture file: HUDDemo.png
24/10/2016 20:56:27 (Std) 	[ImageManager] ---- Source texture resource group: (Default)
24/10/2016 20:56:27 (Std) 	[OgreRenderer] Created texture: HUDDemo
24/10/2016 20:56:27 (Std) 	[ImageManager] Created image: 'HUDDemo/Poo' (0x1705bb0) of type: BasicImage
24/10/2016 20:56:27 (Std) 	[ImageManager] Created image: 'HUDDemo/Plate' (0x1703ad0) of type: BasicImage
24/10/2016 20:56:27 (Std) 	[ImageManager] Created image: 'HUDDemo/Bread' (0x1705eb0) of type: BasicImage
24/10/2016 20:56:27 (Std) 	[ImageManager] Created image: 'HUDDemo/Prizza' (0x17060c0) of type: BasicImage
24/10/2016 20:56:27 (Std) 	[ImageManager] Created image: 'HUDDemo/Steak' (0x17062d0) of type: BasicImage
24/10/2016 20:56:27 (Std) 	[ImageManager] Created image: 'HUDDemo/VegetablePeople' (0x17064e0) of type: BasicImage
24/10/2016 20:56:27 (Std) 	[ImageManager] Created image: 'HUDDemo/VegetablesAndFruits' (0x17066f0) of type: BasicImage
24/10/2016 20:56:27 (Std) 	[ImageManager] Created image: 'HUDDemo/Background' (0x1706900) of type: BasicImage
24/10/2016 20:56:27 (Std) 	[ImageManager] Created image: 'HUDDemo/LifeBarBG' (0x1706b10) of type: BasicImage
24/10/2016 20:56:27 (Std) 	[ImageManager] Created image: 'HUDDemo/LifeBarFill' (0x1706d20) of type: BasicImage
24/10/2016 20:56:27 (Std) 	[ImageManager] Created image: 'HUDDemo/Life' (0x1706f30) of type: BasicImage
24/10/2016 20:56:27 (Std) 	[ImageManager] Created image: 'HUDDemo/Logo' (0x1707140) of type: BasicImage
24/10/2016 20:56:27 (Std) 	[ImageManager] Created image: 'HUDDemo/ScoreBG' (0x1707350) of type: BasicImage
24/10/2016 20:56:27 (Std) 	[ImageManager] Created image: 'HUDDemo/WeaponBG' (0x1707560) of type: BasicImage
24/10/2016 20:56:27 (Std) 	[ImageManager] Created image: 'HUDDemo/Menu' (0x1707770) of type: BasicImage
24/10/2016 20:56:27 (Std) 	[ImageManager] Created image: 'HUDDemo/IconSpoon' (0x1707980) of type: BasicImage
24/10/2016 20:56:27 (Std) 	[ImageManager] Created image: 'HUDDemo/IconKnife' (0x1707b90) of type: BasicImage
24/10/2016 20:56:27 (Std) 	[ImageManager] Created image: 'HUDDemo/IconForkHL' (0x1707da0) of type: BasicImage
24/10/2016 20:56:27 (Std) 	[ImageManager] Created image: 'HUDDemo/ToolMixer' (0x1707fb0) of type: BasicImage
24/10/2016 20:56:27 (Std) 	[ImageManager] Created image: 'HUDDemo/ToolGlove' (0x17081c0) of type: BasicImage
24/10/2016 20:56:27 (Std) 	[ImageManager] Created image: 'HUDDemo/ToolPot' (0x17083d0) of type: BasicImage
24/10/2016 20:56:27 (Std) 	[ImageManager] Created image: 'HUDDemo/ToolBG' (0x17085e0) of type: BasicImage
24/10/2016 20:56:27 (Std) 	[ImageManager] Created image: 'HUDDemo/BGBar' (0x17087f0) of type: BasicImage
24/10/2016 20:56:27 (Std) 	[ImageManager] Created image: 'HUDDemo/IconSpoonHL' (0x1708a00) of type: BasicImage
24/10/2016 20:56:27 (Std) 	[ImageManager] Created image: 'HUDDemo/IconKnifeHL' (0x1708c10) of type: BasicImage
24/10/2016 20:56:27 (Std) 	[ImageManager] Created image: 'HUDDemo/IconFork' (0x1708e20) of type: BasicImage
24/10/2016 20:56:27 (Std) 	[ImageManager] Created image: 'HUDDemo/Spoon' (0x1709030) of type: BasicImage
24/10/2016 20:56:27 (Std) 	[ImageManager] Created image: 'HUDDemo/Filler' (0x1709240) of type: BasicImage
24/10/2016 20:56:27 (Std) 	[ImageManager] Created image: 'HUDDemo/ButtonNormal' (0x1709450) of type: BasicImage
24/10/2016 20:56:27 (Std) 	[ImageManager] Created image: 'HUDDemo/ButtonPressed' (0x1709660) of type: BasicImage
24/10/2016 20:56:27 (Std) 	===== Falagard 'root' element: look and feel parsing begins =====
24/10/2016 20:56:27 (Std) 	===== Look and feel parsing completed =====
24/10/2016 20:56:27 (Std) 	Creating falagard mapping for type 'HUDDemo/PopupLabel' using base type 'DefaultWindow', window renderer 'Core/Default' Look'N'Feel 'HUDDemo/PopupLabel' and RenderEffect ''. (0x7ffea0999170)
24/10/2016 20:56:27 (Std) 	Creating falagard mapping for type 'HUDDemo/ProgressBar' using base type 'CEGUI/ProgressBar', window renderer 'Core/ProgressBar' Look'N'Feel 'HUDDemo/ProgressBar' and RenderEffect ''. (0x7ffea0999170)
24/10/2016 20:56:27 (Std) 	Started creation of Scheme from XML specification:
24/10/2016 20:56:27 (Std) 	---- CEGUI GUIScheme name: AlfiskoSkin
24/10/2016 20:56:27 (Std) 	[ImageManager] Started creation of Imageset from XML specification:
24/10/2016 20:56:27 (Std) 	[ImageManager] ---- CEGUI Imageset name: AlfiskoSkin
24/10/2016 20:56:27 (Std) 	[ImageManager] ---- Source texture file: AlfiskoSkin.png
24/10/2016 20:56:27 (Std) 	[ImageManager] ---- Source texture resource group: (Default)
24/10/2016 20:56:27 (Std) 	[OgreRenderer] Created texture: AlfiskoSkin
24/10/2016 20:56:27 (Std) 	[ImageManager] Created image: 'AlfiskoSkin/WindowB' (0x15ea640) of type: BasicImage
24/10/2016 20:56:27 (Std) 	[ImageManager] Created image: 'AlfiskoSkin/WindowL' (0x161bbb0) of type: BasicImage
24/10/2016 20:56:27 (Std) 	[ImageManager] Created image: 'AlfiskoSkin/WindowR' (0x15e5f50) of type: BasicImage
24/10/2016 20:56:27 (Std) 	[ImageManager] Created image: 'AlfiskoSkin/WindowT' (0x15e6160) of type: BasicImage
24/10/2016 20:56:27 (Std) 	[ImageManager] Created image: 'AlfiskoSkin/EditboxB' (0x15e6370) of type: BasicImage
24/10/2016 20:56:27 (Std) 	[ImageManager] Created image: 'AlfiskoSkin/EditboxL' (0x15e6580) of type: BasicImage
24/10/2016 20:56:27 (Std) 	[ImageManager] Created image: 'AlfiskoSkin/EditboxR' (0x15e6790) of type: BasicImage
24/10/2016 20:56:27 (Std) 	[ImageManager] Created image: 'AlfiskoSkin/EditboxT' (0x15e69a0) of type: BasicImage
24/10/2016 20:56:27 (Std) 	[ImageManager] Created image: 'AlfiskoSkin/WindowBL' (0x15e6bb0) of type: BasicImage
24/10/2016 20:56:27 (Std) 	[ImageManager] Created image: 'AlfiskoSkin/WindowBR' (0x15e6dc0) of type: BasicImage
24/10/2016 20:56:27 (Std) 	[ImageManager] Created image: 'AlfiskoSkin/WindowTL' (0x15e6fd0) of type: BasicImage
24/10/2016 20:56:27 (Std) 	[ImageManager] Created image: 'AlfiskoSkin/WindowTR' (0x15e71e0) of type: BasicImage
24/10/2016 20:56:27 (Std) 	[ImageManager] Created image: 'AlfiskoSkin/EditboxBL' (0x15e73f0) of type: BasicImage
24/10/2016 20:56:27 (Std) 	[ImageManager] Created image: 'AlfiskoSkin/EditboxBR' (0x15e9e70) of type: BasicImage
24/10/2016 20:56:27 (Std) 	[ImageManager] Created image: 'AlfiskoSkin/EditboxTL' (0x15e7920) of type: BasicImage
24/10/2016 20:56:27 (Std) 	[ImageManager] Created image: 'AlfiskoSkin/EditboxTR' (0x17040a0) of type: BasicImage
24/10/2016 20:56:27 (Std) 	[ImageManager] Created image: 'AlfiskoSkin/MouseMove' (0x17042b0) of type: BasicImage
24/10/2016 20:56:27 (Std) 	[ImageManager] Created image: 'AlfiskoSkin/MouseNeSw' (0x15f9bb0) of type: BasicImage
24/10/2016 20:56:27 (Std) 	[ImageManager] Created image: 'AlfiskoSkin/NewImage1' (0x15f9dc0) of type: BasicImage
24/10/2016 20:56:27 (Std) 	[ImageManager] Created image: 'AlfiskoSkin/MouseArrow' (0x15f9fd0) of type: BasicImage
24/10/2016 20:56:27 (Std) 	[ImageManager] Created image: 'AlfiskoSkin/WindowFill' (0x15fa1e0) of type: BasicImage
24/10/2016 20:56:27 (Std) 	[ImageManager] Created image: 'AlfiskoSkin/EditboxFill' (0x15fa3f0) of type: BasicImage
24/10/2016 20:56:27 (Std) 	[ImageManager] Created image: 'AlfiskoSkin/WindowClipB' (0x15fa600) of type: BasicImage
24/10/2016 20:56:27 (Std) 	[ImageManager] Created image: 'AlfiskoSkin/WindowClipL' (0x15fa810) of type: BasicImage
24/10/2016 20:56:27 (Std) 	[ImageManager] Created image: 'AlfiskoSkin/WindowClipR' (0x15faa20) of type: BasicImage
24/10/2016 20:56:27 (Std) 	[ImageManager] Created image: 'AlfiskoSkin/WindowClipT' (0x15fac30) of type: BasicImage
24/10/2016 20:56:27 (Std) 	[ImageManager] Created image: 'AlfiskoSkin/ButtonHoverB' (0x15fae40) of type: BasicImage
24/10/2016 20:56:27 (Std) 	[ImageManager] Created image: 'AlfiskoSkin/ButtonHoverL' (0x15fb050) of type: BasicImage
24/10/2016 20:56:27 (Std) 	[ImageManager] Created image: 'AlfiskoSkin/ButtonHoverR' (0x15fb260) of type: BasicImage
24/10/2016 20:56:27 (Std) 	[ImageManager] Created image: 'AlfiskoSkin/ButtonHoverT' (0x15fb470) of type: BasicImage
24/10/2016 20:56:27 (Std) 	[ImageManager] Created image: 'AlfiskoSkin/GenericBrush' (0x15fb680) of type: BasicImage
24/10/2016 20:56:27 (Std) 	[ImageManager] Created image: 'AlfiskoSkin/MouseTextBar' (0x15fb890) of type: BasicImage
24/10/2016 20:56:27 (Std) 	[ImageManager] Created image: 'AlfiskoSkin/ButtonHoverBL' (0x15ea210) of type: BasicImage
24/10/2016 20:56:27 (Std) 	[ImageManager] Created image: 'AlfiskoSkin/ButtonHoverBR' (0x15fbdc0) of type: BasicImage
24/10/2016 20:56:27 (Std) 	[ImageManager] Created image: 'AlfiskoSkin/ButtonHoverTL' (0x15e1f40) of type: BasicImage
24/10/2016 20:56:27 (Std) 	[ImageManager] Created image: 'AlfiskoSkin/ButtonHoverTR' (0x15e2150) of type: BasicImage
24/10/2016 20:56:27 (Std) 	[ImageManager] Created image: 'AlfiskoSkin/ButtonNormalB' (0x15e2360) of type: BasicImage
24/10/2016 20:56:27 (Std) 	[ImageManager] Created image: 'AlfiskoSkin/ButtonNormalL' (0x15e2570) of type: BasicImage
24/10/2016 20:56:27 (Std) 	[ImageManager] Created image: 'AlfiskoSkin/ButtonNormalR' (0x15e2780) of type: BasicImage
24/10/2016 20:56:27 (Std) 	[ImageManager] Created image: 'AlfiskoSkin/ButtonNormalT' (0x15e2990) of type: BasicImage
24/10/2016 20:56:27 (Std) 	[ImageManager] Created image: 'AlfiskoSkin/ButtonPushedB' (0x15e2ba0) of type: BasicImage
24/10/2016 20:56:27 (Std) 	[ImageManager] Created image: 'AlfiskoSkin/ButtonPushedL' (0x15e2db0) of type: BasicImage
24/10/2016 20:56:27 (Std) 	[ImageManager] Created image: 'AlfiskoSkin/ButtonPushedR' (0x15e2fc0) of type: BasicImage
24/10/2016 20:56:27 (Std) 	[ImageManager] Created image: 'AlfiskoSkin/ButtonPushedT' (0x15e31d0) of type: BasicImage
24/10/2016 20:56:27 (Std) 	[ImageManager] Created image: 'AlfiskoSkin/CheckboxHover' (0x15e33e0) of type: BasicImage
24/10/2016 20:56:27 (Std) 	[ImageManager] Created image: 'AlfiskoSkin/ProgressFullB' (0x15e35f0) of type: BasicImage
24/10/2016 20:56:27 (Std) 	[ImageManager] Created image: 'AlfiskoSkin/ProgressFullL' (0x15e3800) of type: BasicImage
24/10/2016 20:56:27 (Std) 	[ImageManager] Created image: 'AlfiskoSkin/ProgressFullR' (0x15e3a10) of type: BasicImage
24/10/2016 20:56:27 (Std) 	[ImageManager] Created image: 'AlfiskoSkin/ProgressFullT' (0x15e3c20) of type: BasicImage
24/10/2016 20:56:27 (Std) 	[ImageManager] Created image: 'AlfiskoSkin/ScrollUpHover' (0x15e3e30) of type: BasicImage
24/10/2016 20:56:27 (Std) 	[ImageManager] Created image: 'AlfiskoSkin/ButtonNormalBL' (0x15e4040) of type: BasicImage
24/10/2016 20:56:27 (Std) 	[ImageManager] Created image: 'AlfiskoSkin/ButtonNormalBR' (0x15e4250) of type: BasicImage
24/10/2016 20:56:27 (Std) 	[ImageManager] Created image: 'AlfiskoSkin/ButtonNormalTL' (0x1703d80) of type: BasicImage
24/10/2016 20:56:27 (Std) 	[ImageManager] Created image: 'AlfiskoSkin/ButtonNormalTR' (0x1621b90) of type: BasicImage
24/10/2016 20:56:27 (Std) 	[ImageManager] Created image: 'AlfiskoSkin/ButtonPushedBL' (0x1621da0) of type: BasicImage
24/10/2016 20:56:27 (Std) 	[ImageManager] Created image: 'AlfiskoSkin/ButtonPushedBR' (0x1621fb0) of type: BasicImage
24/10/2016 20:56:27 (Std) 	[ImageManager] Created image: 'AlfiskoSkin/ButtonPushedTL' (0x16221c0) of type: BasicImage
24/10/2016 20:56:27 (Std) 	[ImageManager] Created image: 'AlfiskoSkin/ButtonPushedTR' (0x16223d0) of type: BasicImage
24/10/2016 20:56:27 (Std) 	[ImageManager] Created image: 'AlfiskoSkin/CheckboxNormal' (0x16225e0) of type: BasicImage
24/10/2016 20:56:27 (Std) 	[ImageManager] Created image: 'AlfiskoSkin/HorzScrollbarB' (0x16227f0) of type: BasicImage
24/10/2016 20:56:27 (Std) 	[ImageManager] Created image: 'AlfiskoSkin/HorzScrollbarT' (0x1622a00) of type: BasicImage
24/10/2016 20:56:27 (Std) 	[ImageManager] Created image: 'AlfiskoSkin/ProgressEmptyB' (0x1622c10) of type: BasicImage
24/10/2016 20:56:27 (Std) 	[ImageManager] Created image: 'AlfiskoSkin/ProgressEmptyL' (0x1622e20) of type: BasicImage
24/10/2016 20:56:27 (Std) 	[ImageManager] Created image: 'AlfiskoSkin/ProgressEmptyR' (0x1623030) of type: BasicImage
24/10/2016 20:56:27 (Std) 	[ImageManager] Created image: 'AlfiskoSkin/ProgressEmptyT' (0x1623240) of type: BasicImage
24/10/2016 20:56:27 (Std) 	[ImageManager] Created image: 'AlfiskoSkin/ProgressFullBL' (0x1623450) of type: BasicImage
24/10/2016 20:56:27 (Std) 	[ImageManager] Created image: 'AlfiskoSkin/ProgressFullBR' (0x1623660) of type: BasicImage
24/10/2016 20:56:27 (Std) 	[ImageManager] Created image: 'AlfiskoSkin/ProgressFullTL' (0x1623870) of type: BasicImage
24/10/2016 20:56:27 (Std) 	[ImageManager] Created image: 'AlfiskoSkin/ProgressFullTR' (0x1623a80) of type: BasicImage
24/10/2016 20:56:27 (Std) 	[ImageManager] Created image: 'AlfiskoSkin/ProgressShadow' (0x1623c90) of type: BasicImage
24/10/2016 20:56:27 (Std) 	[ImageManager] Created image: 'AlfiskoSkin/ScrollUpNormal' (0x1623ea0) of type: BasicImage
24/10/2016 20:56:27 (Std) 	[ImageManager] Created image: 'AlfiskoSkin/ScrollUpPushed' (0x16240b0) of type: BasicImage
24/10/2016 20:56:27 (Std) 	[ImageManager] Created image: 'AlfiskoSkin/TitlebarDummy1' (0x16242c0) of type: BasicImage
24/10/2016 20:56:27 (Std) 	[ImageManager] Created image: 'AlfiskoSkin/VertScrollbarL' (0x16244d0) of type: BasicImage
24/10/2016 20:56:27 (Std) 	[ImageManager] Created image: 'AlfiskoSkin/VertScrollbarR' (0x15e45f0) of type: BasicImage
24/10/2016 20:56:27 (Std) 	[ImageManager] Created image: 'AlfiskoSkin/CheckboxChecked' (0x15f2230) of type: BasicImage
24/10/2016 20:56:27 (Std) 	[ImageManager] Created image: 'AlfiskoSkin/HorzThumbHoverB' (0x15f2440) of type: BasicImage
24/10/2016 20:56:27 (Std) 	[ImageManager] Created image: 'AlfiskoSkin/HorzThumbHoverT' (0x15f2650) of type: BasicImage
24/10/2016 20:56:27 (Std) 	[ImageManager] Created image: 'AlfiskoSkin/ProgressEmptyBL' (0x15f2860) of type: BasicImage
24/10/2016 20:56:27 (Std) 	[ImageManager] Created image: 'AlfiskoSkin/ProgressEmptyBR' (0x15f2a70) of type: BasicImage
24/10/2016 20:56:27 (Std) 	[ImageManager] Created image: 'AlfiskoSkin/ProgressEmptyTL' (0x15f2c80) of type: BasicImage
24/10/2016 20:56:27 (Std) 	[ImageManager] Created image: 'AlfiskoSkin/ProgressEmptyTR' (0x15f2e90) of type: BasicImage
24/10/2016 20:56:27 (Std) 	[ImageManager] Created image: 'AlfiskoSkin/ScrollDownHover' (0x15f30a0) of type: BasicImage
24/10/2016 20:56:27 (Std) 	[ImageManager] Created image: 'AlfiskoSkin/ScrollLeftHover' (0x15f32b0) of type: BasicImage
24/10/2016 20:56:27 (Std) 	[ImageManager] Created image: 'AlfiskoSkin/TitlebarActiveB' (0x15f34c0) of type: BasicImage
24/10/2016 20:56:27 (Std) 	[ImageManager] Created image: 'AlfiskoSkin/TitlebarActiveL' (0x15f36d0) of type: BasicImage
24/10/2016 20:56:27 (Std) 	[ImageManager] Created image: 'AlfiskoSkin/TitlebarActiveR' (0x15f38e0) of type: BasicImage
24/10/2016 20:56:27 (Std) 	[ImageManager] Created image: 'AlfiskoSkin/TitlebarActiveT' (0x15f3af0) of type: BasicImage
24/10/2016 20:56:27 (Std) 	[ImageManager] Created image: 'AlfiskoSkin/VertThumbHoverL' (0x15f3d00) of type: BasicImage
24/10/2016 20:56:27 (Std) 	[ImageManager] Created image: 'AlfiskoSkin/VertThumbHoverR' (0x15f3f10) of type: BasicImage
24/10/2016 20:56:27 (Std) 	[ImageManager] Created image: 'AlfiskoSkin/ButtonHoverFill1' (0x15f4120) of type: BasicImage
24/10/2016 20:56:27 (Std) 	[ImageManager] Created image: 'AlfiskoSkin/ButtonHoverFill2' (0x15f4330) of type: BasicImage
24/10/2016 20:56:27 (Std) 	[ImageManager] Created image: 'AlfiskoSkin/HorzSliderTrackL' (0x15f4540) of type: BasicImage
24/10/2016 20:56:27 (Std) 	[ImageManager] Created image: 'AlfiskoSkin/HorzSliderTrackR' (0x15f4750) of type: BasicImage
24/10/2016 20:56:27 (Std) 	[ImageManager] Created image: 'AlfiskoSkin/HorzThumbHoverBL' (0x15f4960) of type: BasicImage
24/10/2016 20:56:27 (Std) 	[ImageManager] Created image: 'AlfiskoSkin/HorzThumbHoverBR' (0x15f4b70) of type: BasicImage
24/10/2016 20:56:27 (Std) 	[ImageManager] Created image: 'AlfiskoSkin/HorzThumbHoverTL' (0x15f4d80) of type: BasicImage
24/10/2016 20:56:27 (Std) 	[ImageManager] Created image: 'AlfiskoSkin/HorzThumbHoverTR' (0x15f4f90) of type: BasicImage
24/10/2016 20:56:27 (Std) 	[ImageManager] Created image: 'AlfiskoSkin/HorzThumbNormalB' (0x15f51a0) of type: BasicImage
24/10/2016 20:56:27 (Std) 	[ImageManager] Created image: 'AlfiskoSkin/HorzThumbNormalT' (0x15f53b0) of type: BasicImage
24/10/2016 20:56:27 (Std) 	[ImageManager] Created image: 'AlfiskoSkin/HorzThumbPushedB' (0x15f55c0) of type: BasicImage
24/10/2016 20:56:27 (Std) 	[ImageManager] Created image: 'AlfiskoSkin/HorzThumbPushedT' (0x15f57d0) of type: BasicImage
24/10/2016 20:56:27 (Std) 	[ImageManager] Created image: 'AlfiskoSkin/HorzThumbShadowL' (0x15e8720) of type: BasicImage
24/10/2016 20:56:27 (Std) 	[ImageManager] Created image: 'AlfiskoSkin/HorzThumbShadowR' (0x15f59e0) of type: BasicImage
24/10/2016 20:56:27 (Std) 	[ImageManager] Created image: 'AlfiskoSkin/ProgressFullFill' (0x15f5bf0) of type: BasicImage
24/10/2016 20:56:27 (Std) 	[ImageManager] Created image: 'AlfiskoSkin/RadioButtonHover' (0x15f5e00) of type: BasicImage
24/10/2016 20:56:27 (Std) 	[ImageManager] Created image: 'AlfiskoSkin/ScrollDownNormal' (0x1705750) of type: BasicImage
24/10/2016 20:56:27 (Std) 	[ImageManager] Created image: 'AlfiskoSkin/ScrollDownPushed' (0x183fb10) of type: BasicImage
24/10/2016 20:56:27 (Std) 	[ImageManager] Created image: 'AlfiskoSkin/ScrollLeftNormal' (0x183fd20) of type: BasicImage
24/10/2016 20:56:27 (Std) 	[ImageManager] Created image: 'AlfiskoSkin/ScrollLeftPushed' (0x183ff30) of type: BasicImage
24/10/2016 20:56:27 (Std) 	[ImageManager] Created image: 'AlfiskoSkin/ScrollRightHover' (0x1840140) of type: BasicImage
24/10/2016 20:56:27 (Std) 	[ImageManager] Created image: 'AlfiskoSkin/TitlebarActiveBL' (0x1840350) of type: BasicImage
24/10/2016 20:56:27 (Std) 	[ImageManager] Created image: 'AlfiskoSkin/TitlebarActiveBR' (0x1840560) of type: BasicImage
24/10/2016 20:56:27 (Std) 	[ImageManager] Created image: 'AlfiskoSkin/TitlebarActiveTL' (0x1840770) of type: BasicImage
24/10/2016 20:56:27 (Std) 	[ImageManager] Created image: 'AlfiskoSkin/TitlebarActiveTR' (0x1840980) of type: BasicImage
24/10/2016 20:56:27 (Std) 	[ImageManager] Created image: 'AlfiskoSkin/VertSliderTrackB' (0x1840b90) of type: BasicImage
24/10/2016 20:56:27 (Std) 	[ImageManager] Created image: 'AlfiskoSkin/VertSliderTrackT' (0x1840da0) of type: BasicImage
24/10/2016 20:56:27 (Std) 	[ImageManager] Created image: 'AlfiskoSkin/VertThumbHoverBL' (0x1840fb0) of type: BasicImage
24/10/2016 20:56:27 (Std) 	[ImageManager] Created image: 'AlfiskoSkin/VertThumbHoverBR' (0x18411c0) of type: BasicImage
24/10/2016 20:56:27 (Std) 	[ImageManager] Created image: 'AlfiskoSkin/VertThumbHoverTL' (0x18413d0) of type: BasicImage
24/10/2016 20:56:27 (Std) 	[ImageManager] Created image: 'AlfiskoSkin/VertThumbHoverTR' (0x18415e0) of type: BasicImage
24/10/2016 20:56:27 (Std) 	[ImageManager] Created image: 'AlfiskoSkin/VertThumbNormalL' (0x18417f0) of type: BasicImage
24/10/2016 20:56:27 (Std) 	[ImageManager] Created image: 'AlfiskoSkin/VertThumbNormalR' (0x1841a00) of type: BasicImage
24/10/2016 20:56:27 (Std) 	[ImageManager] Created image: 'AlfiskoSkin/VertThumbPushedL' (0x1841c10) of type: BasicImage
24/10/2016 20:56:27 (Std) 	[ImageManager] Created image: 'AlfiskoSkin/VertThumbPushedR' (0x1841e20) of type: BasicImage
24/10/2016 20:56:27 (Std) 	[ImageManager] Created image: 'AlfiskoSkin/VertThumbShadowB' (0x1842030) of type: BasicImage
24/10/2016 20:56:27 (Std) 	[ImageManager] Created image: 'AlfiskoSkin/VertThumbShadowT' (0x1842240) of type: BasicImage
24/10/2016 20:56:27 (Std) 	[ImageManager] Created image: 'AlfiskoSkin/ButtonNormalFill1' (0x1842450) of type: BasicImage
24/10/2016 20:56:27 (Std) 	[ImageManager] Created image: 'AlfiskoSkin/ButtonNormalFill2' (0x1842660) of type: BasicImage
24/10/2016 20:56:27 (Std) 	[ImageManager] Created image: 'AlfiskoSkin/ButtonPushedFill1' (0x1842870) of type: BasicImage
24/10/2016 20:56:27 (Std) 	[ImageManager] Created image: 'AlfiskoSkin/ButtonPushedFill2' (0x1842a80) of type: BasicImage
24/10/2016 20:56:27 (Std) 	[ImageManager] Created image: 'AlfiskoSkin/CloseButtonNormal' (0x1842c90) of type: BasicImage
24/10/2016 20:56:27 (Std) 	[ImageManager] Created image: 'AlfiskoSkin/CloseButtonPushed' (0x1842ea0) of type: BasicImage
24/10/2016 20:56:27 (Std) 	[ImageManager] Created image: 'AlfiskoSkin/HorzSliderShadowL' (0x18430b0) of type: BasicImage
24/10/2016 20:56:27 (Std) 	[ImageManager] Created image: 'AlfiskoSkin/HorzSliderShadowR' (0x18432c0) of type: BasicImage
24/10/2016 20:56:27 (Std) 	[ImageManager] Created image: 'AlfiskoSkin/HorzThumbNormalBL' (0x18434d0) of type: BasicImage
24/10/2016 20:56:27 (Std) 	[ImageManager] Created image: 'AlfiskoSkin/HorzThumbNormalBR' (0x18436e0) of type: BasicImage
24/10/2016 20:56:27 (Std) 	[ImageManager] Created image: 'AlfiskoSkin/HorzThumbNormalTL' (0x18438f0) of type: BasicImage
24/10/2016 20:56:27 (Std) 	[ImageManager] Created image: 'AlfiskoSkin/HorzThumbNormalTR' (0x1843b00) of type: BasicImage
24/10/2016 20:56:27 (Std) 	[ImageManager] Created image: 'AlfiskoSkin/HorzThumbPushedBL' (0x1843d10) of type: BasicImage
24/10/2016 20:56:27 (Std) 	[ImageManager] Created image: 'AlfiskoSkin/HorzThumbPushedBR' (0x1843f20) of type: BasicImage
24/10/2016 20:56:27 (Std) 	[ImageManager] Created image: 'AlfiskoSkin/HorzThumbPushedTL' (0x1844130) of type: BasicImage
24/10/2016 20:56:27 (Std) 	[ImageManager] Created image: 'AlfiskoSkin/HorzThumbPushedTR' (0x1844340) of type: BasicImage
24/10/2016 20:56:27 (Std) 	[ImageManager] Created image: 'AlfiskoSkin/ProgressEmptyFill' (0x1844550) of type: BasicImage
24/10/2016 20:56:27 (Std) 	[ImageManager] Created image: 'AlfiskoSkin/RadioButtonNormal' (0x1844760) of type: BasicImage
24/10/2016 20:56:27 (Std) 	[ImageManager] Created image: 'AlfiskoSkin/ScrollRightNormal' (0x1844970) of type: BasicImage
24/10/2016 20:56:27 (Std) 	[ImageManager] Created image: 'AlfiskoSkin/ScrollRightPushed' (0x1844b80) of type: BasicImage
24/10/2016 20:56:27 (Std) 	[ImageManager] Created image: 'AlfiskoSkin/TitlebarInactiveB' (0x1844d90) of type: BasicImage
24/10/2016 20:56:27 (Std) 	[ImageManager] Created image: 'AlfiskoSkin/TitlebarInactiveL' (0x1844fa0) of type: BasicImage
24/10/2016 20:56:27 (Std) 	[ImageManager] Created image: 'AlfiskoSkin/TitlebarInactiveR' (0x18451b0) of type: BasicImage
24/10/2016 20:56:27 (Std) 	[ImageManager] Created image: 'AlfiskoSkin/TitlebarInactiveT' (0x18453c0) of type: BasicImage
24/10/2016 20:56:27 (Std) 	[ImageManager] Created image: 'AlfiskoSkin/VertSliderShadowB' (0x18455d0) of type: BasicImage
24/10/2016 20:56:27 (Std) 	[ImageManager] Created image: 'AlfiskoSkin/VertSliderShadowT' (0x18457e0) of type: BasicImage
24/10/2016 20:56:27 (Std) 	[ImageManager] Created image: 'AlfiskoSkin/VertThumbNormalBL' (0x18459f0) of type: BasicImage
24/10/2016 20:56:27 (Std) 	[ImageManager] Created image: 'AlfiskoSkin/VertThumbNormalBR' (0x1845c00) of type: BasicImage
24/10/2016 20:56:27 (Std) 	[ImageManager] Created image: 'AlfiskoSkin/VertThumbNormalTL' (0x1845e10) of type: BasicImage
24/10/2016 20:56:27 (Std) 	[ImageManager] Created image: 'AlfiskoSkin/VertThumbNormalTR' (0x1846020) of type: BasicImage
24/10/2016 20:56:27 (Std) 	[ImageManager] Created image: 'AlfiskoSkin/VertThumbPushedBL' (0x1846230) of type: BasicImage
24/10/2016 20:56:27 (Std) 	[ImageManager] Created image: 'AlfiskoSkin/VertThumbPushedBR' (0x1846440) of type: BasicImage
24/10/2016 20:56:27 (Std) 	[ImageManager] Created image: 'AlfiskoSkin/VertThumbPushedTL' (0x1846650) of type: BasicImage
24/10/2016 20:56:27 (Std) 	[ImageManager] Created image: 'AlfiskoSkin/VertThumbPushedTR' (0x1846860) of type: BasicImage
24/10/2016 20:56:27 (Std) 	[ImageManager] Created image: 'AlfiskoSkin/HorzScrollbarFill1' (0x1846a70) of type: BasicImage
24/10/2016 20:56:27 (Std) 	[ImageManager] Created image: 'AlfiskoSkin/HorzScrollbarFill2' (0x1846c80) of type: BasicImage
24/10/2016 20:56:27 (Std) 	[ImageManager] Created image: 'AlfiskoSkin/RadioButtonChecked' (0x1846e90) of type: BasicImage
24/10/2016 20:56:27 (Std) 	[ImageManager] Created image: 'AlfiskoSkin/TitlebarInactiveBL' (0x18470a0) of type: BasicImage
24/10/2016 20:56:27 (Std) 	[ImageManager] Created image: 'AlfiskoSkin/TitlebarInactiveBR' (0x18472b0) of type: BasicImage
24/10/2016 20:56:27 (Std) 	[ImageManager] Created image: 'AlfiskoSkin/TitlebarInactiveTL' (0x18474c0) of type: BasicImage
24/10/2016 20:56:27 (Std) 	[ImageManager] Created image: 'AlfiskoSkin/TitlebarInactiveTR' (0x18476d0) of type: BasicImage
24/10/2016 20:56:27 (Std) 	[ImageManager] Created image: 'AlfiskoSkin/VertScrollbarFill1' (0x18478e0) of type: BasicImage
24/10/2016 20:56:27 (Std) 	[ImageManager] Created image: 'AlfiskoSkin/VertScrollbarFill2' (0x1847af0) of type: BasicImage
24/10/2016 20:56:27 (Std) 	[ImageManager] Created image: 'AlfiskoSkin/HorzSliderTrackFill' (0x1847d00) of type: BasicImage
24/10/2016 20:56:27 (Std) 	[ImageManager] Created image: 'AlfiskoSkin/TitlebarActiveFill1' (0x1847f10) of type: BasicImage
24/10/2016 20:56:27 (Std) 	[ImageManager] Created image: 'AlfiskoSkin/TitlebarActiveFill2' (0x1848120) of type: BasicImage
24/10/2016 20:56:27 (Std) 	[ImageManager] Created image: 'AlfiskoSkin/VertSliderTrackFill' (0x1848330) of type: BasicImage
24/10/2016 20:56:27 (Std) 	[ImageManager] Created image: 'AlfiskoSkin/HorzSliderThumbHover' (0x1848540) of type: BasicImage
24/10/2016 20:56:27 (Std) 	[ImageManager] Created image: 'AlfiskoSkin/VertSliderThumbHover' (0x1848900) of type: BasicImage
24/10/2016 20:56:27 (Std) 	[ImageManager] Created image: 'AlfiskoSkin/HorzSliderThumbNormal' (0x1848cc0) of type: BasicImage
24/10/2016 20:56:27 (Std) 	[ImageManager] Created image: 'AlfiskoSkin/HorzSliderThumbPushed' (0x1848ff0) of type: BasicImage
24/10/2016 20:56:27 (Std) 	[ImageManager] Created image: 'AlfiskoSkin/TitlebarInactiveFill1' (0x1849320) of type: BasicImage
24/10/2016 20:56:27 (Std) 	[ImageManager] Created image: 'AlfiskoSkin/TitlebarInactiveFill2' (0x1849650) of type: BasicImage
24/10/2016 20:56:27 (Std) 	[ImageManager] Created image: 'AlfiskoSkin/VertSliderThumbNormal' (0x1849980) of type: BasicImage
24/10/2016 20:56:27 (Std) 	[ImageManager] Created image: 'AlfiskoSkin/VertSliderThumbPushed' (0x1849cb0) of type: BasicImage
24/10/2016 20:56:27 (Std) 	---- Returning existing instance of Font named 'DejaVuSans-12'.
24/10/2016 20:56:27 (Std) 	===== Falagard 'root' element: look and feel parsing begins =====
24/10/2016 20:56:27 (Std) 	===== Look and feel parsing completed =====
24/10/2016 20:56:27 (Std) 	No window renderer factories specified for module 'CEGUICoreWindowRendererSet' - adding all available factories...
24/10/2016 20:56:27 (Std) 	Creating falagard mapping for type 'AlfiskoSkin/Label' using base type 'DefaultWindow', window renderer 'Core/Default' Look'N'Feel 'AlfiskoSkin/Label' and RenderEffect ''. (0x7ffea0999170)
24/10/2016 20:56:27 (Std) 	Creating falagard mapping for type 'AlfiskoSkin/Button' using base type 'CEGUI/PushButton', window renderer 'Core/Button' Look'N'Feel 'AlfiskoSkin/Button' and RenderEffect ''. (0x7ffea0999170)
24/10/2016 20:56:27 (Std) 	Creating falagard mapping for type 'AlfiskoSkin/ImageButton' using base type 'CEGUI/PushButton', window renderer 'Core/Button' Look'N'Feel 'AlfiskoSkin/ImageButton' and RenderEffect ''. (0x7ffea0999170)
24/10/2016 20:56:27 (Std) 	Creating falagard mapping for type 'AlfiskoSkin/RadioButton' using base type 'CEGUI/RadioButton', window renderer 'Core/ToggleButton' Look'N'Feel 'AlfiskoSkin/RadioButton' and RenderEffect ''. (0x7ffea0999170)
24/10/2016 20:56:27 (Std) 	Creating falagard mapping for type 'AlfiskoSkin/Checkbox' using base type 'CEGUI/ToggleButton', window renderer 'Core/ToggleButton' Look'N'Feel 'AlfiskoSkin/Checkbox' and RenderEffect ''. (0x7ffea0999170)
24/10/2016 20:56:27 (Std) 	Creating falagard mapping for type 'AlfiskoSkin/Titlebar' using base type 'CEGUI/Titlebar', window renderer 'Core/Titlebar' Look'N'Feel 'AlfiskoSkin/Titlebar' and RenderEffect ''. (0x7ffea0999170)
24/10/2016 20:56:27 (Std) 	Creating falagard mapping for type 'AlfiskoSkin/FrameWindow' using base type 'CEGUI/FrameWindow', window renderer 'Core/FrameWindow' Look'N'Feel 'AlfiskoSkin/FrameWindow' and RenderEffect ''. (0x7ffea0999170)
24/10/2016 20:56:27 (Std) 	Creating falagard mapping for type 'AlfiskoSkin/Editbox' using base type 'CEGUI/Editbox', window renderer 'Core/Editbox' Look'N'Feel 'AlfiskoSkin/Editbox' and RenderEffect ''. (0x7ffea0999170)
24/10/2016 20:56:27 (Std) 	Creating falagard mapping for type 'AlfiskoSkin/VerticalScrollbarThumb' using base type 'CEGUI/Thumb', window renderer 'Core/Button' Look'N'Feel 'AlfiskoSkin/VerticalScrollbarThumb' and RenderEffect ''. (0x7ffea0999170)
24/10/2016 20:56:27 (Std) 	Creating falagard mapping for type 'AlfiskoSkin/VerticalScrollbar' using base type 'CEGUI/Scrollbar', window renderer 'Core/Scrollbar' Look'N'Feel 'AlfiskoSkin/VerticalScrollbar' and RenderEffect ''. (0x7ffea0999170)
24/10/2016 20:56:27 (Std) 	Creating falagard mapping for type 'AlfiskoSkin/HorizontalScrollbarThumb' using base type 'CEGUI/Thumb', window renderer 'Core/Button' Look'N'Feel 'AlfiskoSkin/HorizontalScrollbarThumb' and RenderEffect ''. (0x7ffea0999170)
24/10/2016 20:56:27 (Std) 	Creating falagard mapping for type 'AlfiskoSkin/HorizontalScrollbar' using base type 'CEGUI/Scrollbar', window renderer 'Core/Scrollbar' Look'N'Feel 'AlfiskoSkin/HorizontalScrollbar' and RenderEffect ''. (0x7ffea0999170)
24/10/2016 20:56:27 (Std) 	Creating falagard mapping for type 'AlfiskoSkin/MultiLineEditbox' using base type 'CEGUI/MultiLineEditbox', window renderer 'Core/MultiLineEditbox' Look'N'Feel 'AlfiskoSkin/MultiLineEditbox' and RenderEffect ''. (0x7ffea0999170)
24/10/2016 20:56:27 (Std) 	Creating falagard mapping for type 'AlfiskoSkin/ProgressBar' using base type 'CEGUI/ProgressBar', window renderer 'Core/ProgressBar' Look'N'Feel 'AlfiskoSkin/ProgressBar' and RenderEffect ''. (0x7ffea0999170)
24/10/2016 20:56:27 (Std) 	Creating falagard mapping for type 'AlfiskoSkin/HorizontalSliderThumb' using base type 'CEGUI/Thumb', window renderer 'Core/Button' Look'N'Feel 'AlfiskoSkin/HorizontalSliderThumb' and RenderEffect ''. (0x7ffea0999170)
24/10/2016 20:56:27 (Std) 	Creating falagard mapping for type 'AlfiskoSkin/HorizontalSlider' using base type 'CEGUI/Slider', window renderer 'Core/Slider' Look'N'Feel 'AlfiskoSkin/HorizontalSlider' and RenderEffect ''. (0x7ffea0999170)
24/10/2016 20:56:27 (Std) 	Creating falagard mapping for type 'AlfiskoSkin/VerticalSliderThumb' using base type 'CEGUI/Thumb', window renderer 'Core/Button' Look'N'Feel 'AlfiskoSkin/VerticalSliderThumb' and RenderEffect ''. (0x7ffea0999170)
24/10/2016 20:56:27 (Std) 	Creating falagard mapping for type 'AlfiskoSkin/VerticalSlider' using base type 'CEGUI/Slider', window renderer 'Core/Slider' Look'N'Feel 'AlfiskoSkin/VerticalSlider' and RenderEffect ''. (0x7ffea0999170)
24/10/2016 20:56:27 (Std) 	Creating falagard mapping for type 'AlfiskoSkin/MenuItem' using base type 'CEGUI/MenuItem', window renderer 'Core/MenuItem' Look'N'Feel 'AlfiskoSkin/MenuItem' and RenderEffect ''. (0x7ffea0999170)
